-- The C compiler identification is GNU 9.3.0
-- The CXX compiler identification is GNU 9.3.0
-- Check for working C compiler: /tmp/pts-compiler-mask-toybrot1.2.0/cc
-- Check for working C compiler: /tmp/pts-compiler-mask-toybrot1.2.0/cc -- works
-- Detecting C compiler ABI info
-- Detecting C compiler ABI info - done
-- Detecting C compile features
-- Detecting C compile features - done
-- Check for working CXX compiler: /tmp/pts-compiler-mask-toybrot1.2.0/c++
-- Check for working CXX compiler: /tmp/pts-compiler-mask-toybrot1.2.0/c++ -- works
-- Detecting CXX compiler ABI info
-- Detecting CXX compiler ABI info - done
-- Detecting CXX compile features
-- Detecting CXX compile features - done
-- Looking for pthread.h
-- Looking for pthread.h - found
-- Performing Test CMAKE_HAVE_LIBC_PTHREAD
-- Performing Test CMAKE_HAVE_LIBC_PTHREAD - Failed
-- Looking for pthread_create in pthreads
-- Looking for pthread_create in pthreads - not found
-- Looking for pthread_create in pthread
-- Looking for pthread_create in pthread - found
-- Found Threads: TRUE  
-- Found SDL2: /usr/lib/x86_64-linux-gnu/libSDL2.so  
-- Found OpenGL: /usr/lib/x86_64-linux-gnu/libOpenGL.so  found components: OpenGL EGL 
-- Looking for a CUDA compiler
-- Looking for a CUDA compiler - NOTFOUND
CMake Warning at CMakeLists.txt:44 (find_package):
  No "FindHIP.cmake" found in CMAKE_MODULE_PATH.


CMake Warning (dev) at CMakeLists.txt:44 (find_package):
  FindHIP.cmake must either be part of this project itself, in this case
  adjust CMAKE_MODULE_PATH so that it points to the correct location inside
  its source tree.

  Or it must be installed by a package which has already been found via
  find_package().  In this case make sure that package has indeed been found
  and adjust CMAKE_MODULE_PATH to contain the location where that package has
  installed FindHIP.cmake.  This must be a location provided by that package.
  This error in general means that the buildsystem of this project is relying
  on a Find-module without ensuring that it is actually available.

This warning is for project developers.  Use -Wno-dev to suppress it.

-- Looking for CL_VERSION_2_2
-- Looking for CL_VERSION_2_2 - found
-- Found OpenCL: /usr/lib/x86_64-linux-gnu/libOpenCL.so (found version "2.2") 
-- Found Vulkan: /usr/lib/x86_64-linux-gnu/libvulkan.so  
-- Found ZLIB: /usr/lib/x86_64-linux-gnu/libz.so (found version "1.2.11") 
-- Found PNG: /usr/lib/x86_64-linux-gnu/libpng.so (found version "1.6.37") 
-- Found MPI_C: /usr/lib/x86_64-linux-gnu/openmpi/lib/libmpi.so (found version "3.1") 
-- Found MPI_CXX: /usr/lib/x86_64-linux-gnu/openmpi/lib/libmpi_cxx.so (found version "3.1") 
-- Found MPI: TRUE (found version "3.1")  
-- Found OpenMP_C: -fopenmp (found version "4.5") 
-- Found OpenMP_CXX: -fopenmp (found version "4.5") 
-- Found OpenMP: TRUE (found version "4.5")  
 
*********************************
Toybrot dependency probe
 
STD::FILESYSTEM: OK
CUDA: NOT FOUND
HIP: NOT FOUND
OpenGL: OK (EGL)
ISPC: NOT FOUND
MPI: OK
OpenCL: OK
OpenMP: OK
PNG: OK
SDL2: OK
SYCL: NOT FOUND
TBB: OK
Vulkan: OK
 
*********************************
 
-- Configuring done
-- Generating done
-- Build files have been written to: /var/lib/phoronix-test-suite/installed-tests/pts/toybrot-1.2.0/toyBrot-master/build
/usr/bin/cmake -S/var/lib/phoronix-test-suite/installed-tests/pts/toybrot-1.2.0/toyBrot-master -B/var/lib/phoronix-test-suite/installed-tests/pts/toybrot-1.2.0/toyBrot-master/build --check-build-system CMakeFiles/Makefile.cmake 0
/usr/bin/cmake -E cmake_progress_start /var/lib/phoronix-test-suite/installed-tests/pts/toybrot-1.2.0/toyBrot-master/build/CMakeFiles /var/lib/phoronix-test-suite/installed-tests/pts/toybrot-1.2.0/toyBrot-master/build/CMakeFiles/progress.marks
make -f CMakeFiles/Makefile2 all
make[1]: Entering directory '/var/lib/phoronix-test-suite/installed-tests/pts/toybrot-1.2.0/toyBrot-master/build'
make -f raymarched/STDTASKS/CMakeFiles/rmSTD_TASKS-db.dir/build.make raymarched/STDTASKS/CMakeFiles/rmSTD_TASKS-db.dir/depend
make -f raymarched/STDTASKS/CMakeFiles/rmSTD_TASKS.dir/build.make raymarched/STDTASKS/CMakeFiles/rmSTD_TASKS.dir/depend
make -f raymarched/STDTHREADS/CMakeFiles/rmSTD_THREADS-db.dir/build.make raymarched/STDTHREADS/CMakeFiles/rmSTD_THREADS-db.dir/depend
make -f raymarched/STDTHREADS/CMakeFiles/rmSTD_THREADS.dir/build.make raymarched/STDTHREADS/CMakeFiles/rmSTD_THREADS.dir/depend
make -f raymarched/STDTHREADS-ptr/CMakeFiles/rmSTD_THREADS-ptr-db.dir/build.make raymarched/STDTHREADS-ptr/CMakeFiles/rmSTD_THREADS-ptr-db.dir/depend
make[2]: Entering directory '/var/lib/phoronix-test-suite/installed-tests/pts/toybrot-1.2.0/toyBrot-master/build'
cd /var/lib/phoronix-test-suite/installed-tests/pts/toybrot-1.2.0/toyBrot-master/build && /usr/bin/cmake -E cmake_depends "Unix Makefiles" /var/lib/phoronix-test-suite/installed-tests/pts/toybrot-1.2.0/toyBrot-master /var/lib/phoronix-test-suite/installed-tests/pts/toybrot-1.2.0/toyBrot-master/raymarched/STDTASKS /var/lib/phoronix-test-suite/installed-tests/pts/toybrot-1.2.0/toyBrot-master/build /var/lib/phoronix-test-suite/installed-tests/pts/toybrot-1.2.0/toyBrot-master/build/raymarched/STDTASKS /var/lib/phoronix-test-suite/installed-tests/pts/toybrot-1.2.0/toyBrot-master/build/raymarched/STDTASKS/CMakeFiles/rmSTD_TASKS-db.dir/DependInfo.cmake --color=
make -f raymarched/STDTHREADS-ptr/CMakeFiles/rmSTD_THREADS-ptr.dir/build.make raymarched/STDTHREADS-ptr/CMakeFiles/rmSTD_THREADS-ptr.dir/depend
make -f raymarched/STDTHREADS-member/CMakeFiles/rmSTD_THREADS-mbr-db.dir/build.make raymarched/STDTHREADS-member/CMakeFiles/rmSTD_THREADS-mbr-db.dir/depend
make -f raymarched/STDTHREADS-member/CMakeFiles/rmSTD_THREADS-mbr.dir/build.make raymarched/STDTHREADS-member/CMakeFiles/rmSTD_THREADS-mbr.dir/depend
make -f raymarched/OMP/CMakeFiles/rmOpenMP-dist-db.dir/build.make raymarched/OMP/CMakeFiles/rmOpenMP-dist-db.dir/depend
make[2]: Entering directory '/var/lib/phoronix-test-suite/installed-tests/pts/toybrot-1.2.0/toyBrot-master/build'
cd /var/lib/phoronix-test-suite/installed-tests/pts/toybrot-1.2.0/toyBrot-master/build && /usr/bin/cmake -E cmake_depends "Unix Makefiles" /var/lib/phoronix-test-suite/installed-tests/pts/toybrot-1.2.0/toyBrot-master /var/lib/phoronix-test-suite/installed-tests/pts/toybrot-1.2.0/toyBrot-master/raymarched/STDTASKS /var/lib/phoronix-test-suite/installed-tests/pts/toybrot-1.2.0/toyBrot-master/build /var/lib/phoronix-test-suite/installed-tests/pts/toybrot-1.2.0/toyBrot-master/build/raymarched/STDTASKS /var/lib/phoronix-test-suite/installed-tests/pts/toybrot-1.2.0/toyBrot-master/build/raymarched/STDTASKS/CMakeFiles/rmSTD_TASKS.dir/DependInfo.cmake --color=
make -f raymarched/OMP/CMakeFiles/rmOpenMP-dist.dir/build.make raymarched/OMP/CMakeFiles/rmOpenMP-dist.dir/depend
make[2]: Entering directory '/var/lib/phoronix-test-suite/installed-tests/pts/toybrot-1.2.0/toyBrot-master/build'
cd /var/lib/phoronix-test-suite/installed-tests/pts/toybrot-1.2.0/toyBrot-master/build && /usr/bin/cmake -E cmake_depends "Unix Makefiles" /var/lib/phoronix-test-suite/installed-tests/pts/toybrot-1.2.0/toyBrot-master /var/lib/phoronix-test-suite/installed-tests/pts/toybrot-1.2.0/toyBrot-master/raymarched/STDTHREADS /var/lib/phoronix-test-suite/installed-tests/pts/toybrot-1.2.0/toyBrot-master/build /var/lib/phoronix-test-suite/installed-tests/pts/toybrot-1.2.0/toyBrot-master/build/raymarched/STDTHREADS /var/lib/phoronix-test-suite/installed-tests/pts/toybrot-1.2.0/toyBrot-master/build/raymarched/STDTHREADS/CMakeFiles/rmSTD_THREADS-db.dir/DependInfo.cmake --color=
make -f raymarched/OMP/CMakeFiles/rmOpenMP-db.dir/build.make raymarched/OMP/CMakeFiles/rmOpenMP-db.dir/depend
make[2]: Entering directory '/var/lib/phoronix-test-suite/installed-tests/pts/toybrot-1.2.0/toyBrot-master/build'
cd /var/lib/phoronix-test-suite/installed-tests/pts/toybrot-1.2.0/toyBrot-master/build && /usr/bin/cmake -E cmake_depends "Unix Makefiles" /var/lib/phoronix-test-suite/installed-tests/pts/toybrot-1.2.0/toyBrot-master /var/lib/phoronix-test-suite/installed-tests/pts/toybrot-1.2.0/toyBrot-master/raymarched/STDTHREADS /var/lib/phoronix-test-suite/installed-tests/pts/toybrot-1.2.0/toyBrot-master/build /var/lib/phoronix-test-suite/installed-tests/pts/toybrot-1.2.0/toyBrot-master/build/raymarched/STDTHREADS /var/lib/phoronix-test-suite/installed-tests/pts/toybrot-1.2.0/toyBrot-master/build/raymarched/STDTHREADS/CMakeFiles/rmSTD_THREADS.dir/DependInfo.cmake --color=
make -f raymarched/OMP/CMakeFiles/rmOpenMP.dir/build.make raymarched/OMP/CMakeFiles/rmOpenMP.dir/depend
make[2]: Entering directory '/var/lib/phoronix-test-suite/installed-tests/pts/toybrot-1.2.0/toyBrot-master/build'
cd /var/lib/phoronix-test-suite/installed-tests/pts/toybrot-1.2.0/toyBrot-master/build && /usr/bin/cmake -E cmake_depends "Unix Makefiles" /var/lib/phoronix-test-suite/installed-tests/pts/toybrot-1.2.0/toyBrot-master /var/lib/phoronix-test-suite/installed-tests/pts/toybrot-1.2.0/toyBrot-master/raymarched/STDTHREADS-ptr /var/lib/phoronix-test-suite/installed-tests/pts/toybrot-1.2.0/toyBrot-master/build /var/lib/phoronix-test-suite/installed-tests/pts/toybrot-1.2.0/toyBrot-master/build/raymarched/STDTHREADS-ptr /var/lib/phoronix-test-suite/installed-tests/pts/toybrot-1.2.0/toyBrot-master/build/raymarched/STDTHREADS-ptr/CMakeFiles/rmSTD_THREADS-ptr-db.dir/DependInfo.cmake --color=
make -f raymarched/OpenCL/CMakeFiles/rmOpenCL-db.dir/build.make raymarched/OpenCL/CMakeFiles/rmOpenCL-db.dir/depend
make[2]: Entering directory '/var/lib/phoronix-test-suite/installed-tests/pts/toybrot-1.2.0/toyBrot-master/build'
cd /var/lib/phoronix-test-suite/installed-tests/pts/toybrot-1.2.0/toyBrot-master/build && /usr/bin/cmake -E cmake_depends "Unix Makefiles" /var/lib/phoronix-test-suite/installed-tests/pts/toybrot-1.2.0/toyBrot-master /var/lib/phoronix-test-suite/installed-tests/pts/toybrot-1.2.0/toyBrot-master/raymarched/STDTHREADS-ptr /var/lib/phoronix-test-suite/installed-tests/pts/toybrot-1.2.0/toyBrot-master/build /var/lib/phoronix-test-suite/installed-tests/pts/toybrot-1.2.0/toyBrot-master/build/raymarched/STDTHREADS-ptr /var/lib/phoronix-test-suite/installed-tests/pts/toybrot-1.2.0/toyBrot-master/build/raymarched/STDTHREADS-ptr/CMakeFiles/rmSTD_THREADS-ptr.dir/DependInfo.cmake --color=
make -f raymarched/OpenCL/CMakeFiles/rmOpenCL.dir/build.make raymarched/OpenCL/CMakeFiles/rmOpenCL.dir/depend
make -f raymarched/OpenGL/CMakeFiles/rmOpenGL-db.dir/build.make raymarched/OpenGL/CMakeFiles/rmOpenGL-db.dir/depend
make[2]: Entering directory '/var/lib/phoronix-test-suite/installed-tests/pts/toybrot-1.2.0/toyBrot-master/build'
cd /var/lib/phoronix-test-suite/installed-tests/pts/toybrot-1.2.0/toyBrot-master/build && /usr/bin/cmake -E cmake_depends "Unix Makefiles" /var/lib/phoronix-test-suite/installed-tests/pts/toybrot-1.2.0/toyBrot-master /var/lib/phoronix-test-suite/installed-tests/pts/toybrot-1.2.0/toyBrot-master/raymarched/STDTHREADS-member /var/lib/phoronix-test-suite/installed-tests/pts/toybrot-1.2.0/toyBrot-master/build /var/lib/phoronix-test-suite/installed-tests/pts/toybrot-1.2.0/toyBrot-master/build/raymarched/STDTHREADS-member /var/lib/phoronix-test-suite/installed-tests/pts/toybrot-1.2.0/toyBrot-master/build/raymarched/STDTHREADS-member/CMakeFiles/rmSTD_THREADS-mbr-db.dir/DependInfo.cmake --color=
make -f raymarched/OpenGL/CMakeFiles/rmOpenGL.dir/build.make raymarched/OpenGL/CMakeFiles/rmOpenGL.dir/depend
make[2]: Entering directory '/var/lib/phoronix-test-suite/installed-tests/pts/toybrot-1.2.0/toyBrot-master/build'
cd /var/lib/phoronix-test-suite/installed-tests/pts/toybrot-1.2.0/toyBrot-master/build && /usr/bin/cmake -E cmake_depends "Unix Makefiles" /var/lib/phoronix-test-suite/installed-tests/pts/toybrot-1.2.0/toyBrot-master /var/lib/phoronix-test-suite/installed-tests/pts/toybrot-1.2.0/toyBrot-master/raymarched/STDTHREADS-member /var/lib/phoronix-test-suite/installed-tests/pts/toybrot-1.2.0/toyBrot-master/build /var/lib/phoronix-test-suite/installed-tests/pts/toybrot-1.2.0/toyBrot-master/build/raymarched/STDTHREADS-member /var/lib/phoronix-test-suite/installed-tests/pts/toybrot-1.2.0/toyBrot-master/build/raymarched/STDTHREADS-member/CMakeFiles/rmSTD_THREADS-mbr.dir/DependInfo.cmake --color=
make[2]: Entering directory '/var/lib/phoronix-test-suite/installed-tests/pts/toybrot-1.2.0/toyBrot-master/build'
make -f raymarched/OpenGL-frag/CMakeFiles/rmOpenGL-frag-db.dir/build.make raymarched/OpenGL-frag/CMakeFiles/rmOpenGL-frag-db.dir/depend
make[2]: Entering directory '/var/lib/phoronix-test-suite/installed-tests/pts/toybrot-1.2.0/toyBrot-master/build'
make -f raymarched/OpenGL-frag/CMakeFiles/rmOpenGL-frag.dir/build.make raymarched/OpenGL-frag/CMakeFiles/rmOpenGL-frag.dir/depend
make -f raymarched/Vulkan/CMakeFiles/rmVulkan-db.dir/build.make raymarched/Vulkan/CMakeFiles/rmVulkan-db.dir/depend
make[2]: Entering directory '/var/lib/phoronix-test-suite/installed-tests/pts/toybrot-1.2.0/toyBrot-master/build'
cd /var/lib/phoronix-test-suite/installed-tests/pts/toybrot-1.2.0/toyBrot-master/build && /usr/bin/cmake -E cmake_depends "Unix Makefiles" /var/lib/phoronix-test-suite/installed-tests/pts/toybrot-1.2.0/toyBrot-master /var/lib/phoronix-test-suite/installed-tests/pts/toybrot-1.2.0/toyBrot-master/raymarched/OMP /var/lib/phoronix-test-suite/installed-tests/pts/toybrot-1.2.0/toyBrot-master/build /var/lib/phoronix-test-suite/installed-tests/pts/toybrot-1.2.0/toyBrot-master/build/raymarched/OMP /var/lib/phoronix-test-suite/installed-tests/pts/toybrot-1.2.0/toyBrot-master/build/raymarched/OMP/CMakeFiles/rmOpenMP.dir/DependInfo.cmake --color=
make[2]: Entering directory '/var/lib/phoronix-test-suite/installed-tests/pts/toybrot-1.2.0/toyBrot-master/build'
cd /var/lib/phoronix-test-suite/installed-tests/pts/toybrot-1.2.0/toyBrot-master/build && /usr/bin/cmake -E cmake_depends "Unix Makefiles" /var/lib/phoronix-test-suite/installed-tests/pts/toybrot-1.2.0/toyBrot-master /var/lib/phoronix-test-suite/installed-tests/pts/toybrot-1.2.0/toyBrot-master/raymarched/OMP /var/lib/phoronix-test-suite/installed-tests/pts/toybrot-1.2.0/toyBrot-master/build /var/lib/phoronix-test-suite/installed-tests/pts/toybrot-1.2.0/toyBrot-master/build/raymarched/OMP /var/lib/phoronix-test-suite/installed-tests/pts/toybrot-1.2.0/toyBrot-master/build/raymarched/OMP/CMakeFiles/rmOpenMP-db.dir/DependInfo.cmake --color=
make -f raymarched/Vulkan/CMakeFiles/rmVulkan_VK_SRCS.dir/build.make raymarched/Vulkan/CMakeFiles/rmVulkan_VK_SRCS.dir/depend
make[2]: Entering directory '/var/lib/phoronix-test-suite/installed-tests/pts/toybrot-1.2.0/toyBrot-master/build'
cd /var/lib/phoronix-test-suite/installed-tests/pts/toybrot-1.2.0/toyBrot-master/build && /usr/bin/cmake -E cmake_depends "Unix Makefiles" /var/lib/phoronix-test-suite/installed-tests/pts/toybrot-1.2.0/toyBrot-master /var/lib/phoronix-test-suite/installed-tests/pts/toybrot-1.2.0/toyBrot-master/raymarched/OpenCL /var/lib/phoronix-test-suite/installed-tests/pts/toybrot-1.2.0/toyBrot-master/build /var/lib/phoronix-test-suite/installed-tests/pts/toybrot-1.2.0/toyBrot-master/build/raymarched/OpenCL /var/lib/phoronix-test-suite/installed-tests/pts/toybrot-1.2.0/toyBrot-master/build/raymarched/OpenCL/CMakeFiles/rmOpenCL-db.dir/DependInfo.cmake --color=
make[2]: Entering directory '/var/lib/phoronix-test-suite/installed-tests/pts/toybrot-1.2.0/toyBrot-master/build'
cd /var/lib/phoronix-test-suite/installed-tests/pts/toybrot-1.2.0/toyBrot-master/build && /usr/bin/cmake -E cmake_depends "Unix Makefiles" /var/lib/phoronix-test-suite/installed-tests/pts/toybrot-1.2.0/toyBrot-master /var/lib/phoronix-test-suite/installed-tests/pts/toybrot-1.2.0/toyBrot-master/raymarched/OpenCL /var/lib/phoronix-test-suite/installed-tests/pts/toybrot-1.2.0/toyBrot-master/build /var/lib/phoronix-test-suite/installed-tests/pts/toybrot-1.2.0/toyBrot-master/build/raymarched/OpenCL /var/lib/phoronix-test-suite/installed-tests/pts/toybrot-1.2.0/toyBrot-master/build/raymarched/OpenCL/CMakeFiles/rmOpenCL.dir/DependInfo.cmake --color=
make -f raymarched/TBB/CMakeFiles/rmTBB-db.dir/build.make raymarched/TBB/CMakeFiles/rmTBB-db.dir/depend
make -f raymarched/TBB/CMakeFiles/rmTBB.dir/build.make raymarched/TBB/CMakeFiles/rmTBB.dir/depend
make[2]: Entering directory '/var/lib/phoronix-test-suite/installed-tests/pts/toybrot-1.2.0/toyBrot-master/build'
make[2]: Entering directory '/var/lib/phoronix-test-suite/installed-tests/pts/toybrot-1.2.0/toyBrot-master/build'
cd /var/lib/phoronix-test-suite/installed-tests/pts/toybrot-1.2.0/toyBrot-master/build && /usr/bin/cmake -E cmake_depends "Unix Makefiles" /var/lib/phoronix-test-suite/installed-tests/pts/toybrot-1.2.0/toyBrot-master /var/lib/phoronix-test-suite/installed-tests/pts/toybrot-1.2.0/toyBrot-master/raymarched/OpenGL /var/lib/phoronix-test-suite/installed-tests/pts/toybrot-1.2.0/toyBrot-master/build /var/lib/phoronix-test-suite/installed-tests/pts/toybrot-1.2.0/toyBrot-master/build/raymarched/OpenGL /var/lib/phoronix-test-suite/installed-tests/pts/toybrot-1.2.0/toyBrot-master/build/raymarched/OpenGL/CMakeFiles/rmOpenGL.dir/DependInfo.cmake --color=
cd /var/lib/phoronix-test-suite/installed-tests/pts/toybrot-1.2.0/toyBrot-master/build && /usr/bin/cmake -E cmake_depends "Unix Makefiles" /var/lib/phoronix-test-suite/installed-tests/pts/toybrot-1.2.0/toyBrot-master /var/lib/phoronix-test-suite/installed-tests/pts/toybrot-1.2.0/toyBrot-master/raymarched/OpenGL /var/lib/phoronix-test-suite/installed-tests/pts/toybrot-1.2.0/toyBrot-master/build /var/lib/phoronix-test-suite/installed-tests/pts/toybrot-1.2.0/toyBrot-master/build/raymarched/OpenGL /var/lib/phoronix-test-suite/installed-tests/pts/toybrot-1.2.0/toyBrot-master/build/raymarched/OpenGL/CMakeFiles/rmOpenGL-db.dir/DependInfo.cmake --color=
make[2]: Entering directory '/var/lib/phoronix-test-suite/installed-tests/pts/toybrot-1.2.0/toyBrot-master/build'
make[2]: Entering directory '/var/lib/phoronix-test-suite/installed-tests/pts/toybrot-1.2.0/toyBrot-master/build'
cd /var/lib/phoronix-test-suite/installed-tests/pts/toybrot-1.2.0/toyBrot-master/build && /usr/bin/cmake -E cmake_depends "Unix Makefiles" /var/lib/phoronix-test-suite/installed-tests/pts/toybrot-1.2.0/toyBrot-master /var/lib/phoronix-test-suite/installed-tests/pts/toybrot-1.2.0/toyBrot-master/raymarched/OpenGL-frag /var/lib/phoronix-test-suite/installed-tests/pts/toybrot-1.2.0/toyBrot-master/build /var/lib/phoronix-test-suite/installed-tests/pts/toybrot-1.2.0/toyBrot-master/build/raymarched/OpenGL-frag /var/lib/phoronix-test-suite/installed-tests/pts/toybrot-1.2.0/toyBrot-master/build/raymarched/OpenGL-frag/CMakeFiles/rmOpenGL-frag-db.dir/DependInfo.cmake --color=
make[2]: Entering directory '/var/lib/phoronix-test-suite/installed-tests/pts/toybrot-1.2.0/toyBrot-master/build'
cd /var/lib/phoronix-test-suite/installed-tests/pts/toybrot-1.2.0/toyBrot-master/build && /usr/bin/cmake -E cmake_depends "Unix Makefiles" /var/lib/phoronix-test-suite/installed-tests/pts/toybrot-1.2.0/toyBrot-master /var/lib/phoronix-test-suite/installed-tests/pts/toybrot-1.2.0/toyBrot-master/raymarched/OpenGL-frag /var/lib/phoronix-test-suite/installed-tests/pts/toybrot-1.2.0/toyBrot-master/build /var/lib/phoronix-test-suite/installed-tests/pts/toybrot-1.2.0/toyBrot-master/build/raymarched/OpenGL-frag /var/lib/phoronix-test-suite/installed-tests/pts/toybrot-1.2.0/toyBrot-master/build/raymarched/OpenGL-frag/CMakeFiles/rmOpenGL-frag.dir/DependInfo.cmake --color=
make[2]: Entering directory '/var/lib/phoronix-test-suite/installed-tests/pts/toybrot-1.2.0/toyBrot-master/build'
cd /var/lib/phoronix-test-suite/installed-tests/pts/toybrot-1.2.0/toyBrot-master/build && /usr/bin/cmake -E cmake_depends "Unix Makefiles" /var/lib/phoronix-test-suite/installed-tests/pts/toybrot-1.2.0/toyBrot-master /var/lib/phoronix-test-suite/installed-tests/pts/toybrot-1.2.0/toyBrot-master/raymarched/Vulkan /var/lib/phoronix-test-suite/installed-tests/pts/toybrot-1.2.0/toyBrot-master/build /var/lib/phoronix-test-suite/installed-tests/pts/toybrot-1.2.0/toyBrot-master/build/raymarched/Vulkan /var/lib/phoronix-test-suite/installed-tests/pts/toybrot-1.2.0/toyBrot-master/build/raymarched/Vulkan/CMakeFiles/rmVulkan_VK_SRCS.dir/DependInfo.cmake --color=
make[2]: Entering directory '/var/lib/phoronix-test-suite/installed-tests/pts/toybrot-1.2.0/toyBrot-master/build'
cd /var/lib/phoronix-test-suite/installed-tests/pts/toybrot-1.2.0/toyBrot-master/build && /usr/bin/cmake -E cmake_depends "Unix Makefiles" /var/lib/phoronix-test-suite/installed-tests/pts/toybrot-1.2.0/toyBrot-master /var/lib/phoronix-test-suite/installed-tests/pts/toybrot-1.2.0/toyBrot-master/raymarched/TBB /var/lib/phoronix-test-suite/installed-tests/pts/toybrot-1.2.0/toyBrot-master/build /var/lib/phoronix-test-suite/installed-tests/pts/toybrot-1.2.0/toyBrot-master/build/raymarched/TBB /var/lib/phoronix-test-suite/installed-tests/pts/toybrot-1.2.0/toyBrot-master/build/raymarched/TBB/CMakeFiles/rmTBB-db.dir/DependInfo.cmake --color=
make[2]: Entering directory '/var/lib/phoronix-test-suite/installed-tests/pts/toybrot-1.2.0/toyBrot-master/build'
cd /var/lib/phoronix-test-suite/installed-tests/pts/toybrot-1.2.0/toyBrot-master/build && /usr/bin/cmake -E cmake_depends "Unix Makefiles" /var/lib/phoronix-test-suite/installed-tests/pts/toybrot-1.2.0/toyBrot-master /var/lib/phoronix-test-suite/installed-tests/pts/toybrot-1.2.0/toyBrot-master/raymarched/TBB /var/lib/phoronix-test-suite/installed-tests/pts/toybrot-1.2.0/toyBrot-master/build /var/lib/phoronix-test-suite/installed-tests/pts/toybrot-1.2.0/toyBrot-master/build/raymarched/TBB /var/lib/phoronix-test-suite/installed-tests/pts/toybrot-1.2.0/toyBrot-master/build/raymarched/TBB/CMakeFiles/rmTBB.dir/DependInfo.cmake --color=
[  1%] Generating FracGen-parallel-omp-db.cpp.o
cd /var/lib/phoronix-test-suite/installed-tests/pts/toybrot-1.2.0/toyBrot-master/build/raymarched/OMP && /tmp/pts-compiler-mask-toybrot1.2.0/c++ -c -O3   -std=c++17 -fopenmp -march=native -I/var/lib/phoronix-test-suite/installed-tests/pts/toybrot-1.2.0/toyBrot-master/raymarched/common -DTOYBROT_USE_DOUBLES -fPIC /var/lib/phoronix-test-suite/installed-tests/pts/toybrot-1.2.0/toyBrot-master/raymarched/OMP/FracGen-parallel-omp.cpp -o /var/lib/phoronix-test-suite/installed-tests/pts/toybrot-1.2.0/toyBrot-master/build/raymarched/OMP/FracGen-parallel-omp-db.cpp.o
[  2%] Generating FracGen-parallel-omp.cpp.o
[  3%] Compiling GLSL shader to SPIR-V (doubles)
cd /var/lib/phoronix-test-suite/installed-tests/pts/toybrot-1.2.0/toyBrot-master/build/raymarched/OMP && /tmp/pts-compiler-mask-toybrot1.2.0/c++ -c -O3   -std=c++17 -fopenmp -march=native -I/var/lib/phoronix-test-suite/installed-tests/pts/toybrot-1.2.0/toyBrot-master/raymarched/common -fPIC /var/lib/phoronix-test-suite/installed-tests/pts/toybrot-1.2.0/toyBrot-master/raymarched/OMP/FracGen-parallel-omp.cpp -o /var/lib/phoronix-test-suite/installed-tests/pts/toybrot-1.2.0/toyBrot-master/build/raymarched/OMP/FracGen-parallel-omp.cpp.o
[  4%] Compiling HLSL shader to SPIR-V
cd /var/lib/phoronix-test-suite/installed-tests/pts/toybrot-1.2.0/toyBrot-master/raymarched/Vulkan && /usr/bin/cmake -E remove -f /var/lib/phoronix-test-suite/installed-tests/pts/toybrot-1.2.0/toyBrot-master/build/raymarched/Vulkan/FracGen.glsl.db.spv
Scanning dependencies of target rmVulkan_VK_SRCS
cd /var/lib/phoronix-test-suite/installed-tests/pts/toybrot-1.2.0/toyBrot-master/raymarched/Vulkan && /usr/bin/cmake -E remove -f /var/lib/phoronix-test-suite/installed-tests/pts/toybrot-1.2.0/toyBrot-master/build/raymarched/Vulkan/FracGen.hlsl.db.spv
make[2]: Leaving directory '/var/lib/phoronix-test-suite/installed-tests/pts/toybrot-1.2.0/toyBrot-master/build'
make -f raymarched/Vulkan/CMakeFiles/rmVulkan_VK_SRCS.dir/build.make raymarched/Vulkan/CMakeFiles/rmVulkan_VK_SRCS.dir/build
make[2]: Entering directory '/var/lib/phoronix-test-suite/installed-tests/pts/toybrot-1.2.0/toyBrot-master/build'
make[2]: Nothing to be done for 'raymarched/Vulkan/CMakeFiles/rmVulkan_VK_SRCS.dir/build'.
make[2]: Leaving directory '/var/lib/phoronix-test-suite/installed-tests/pts/toybrot-1.2.0/toyBrot-master/build'
cd /var/lib/phoronix-test-suite/installed-tests/pts/toybrot-1.2.0/toyBrot-master/raymarched/Vulkan && /usr/bin/glslangValidator -e traceRegion  -DTOYBROT_VULKAN -DTOYBROT_USE_DOUBLES -V -o /var/lib/phoronix-test-suite/installed-tests/pts/toybrot-1.2.0/toyBrot-master/build/raymarched/Vulkan/FracGen.hlsl.db.spv FracGen.comp.hlsl
cd /var/lib/phoronix-test-suite/installed-tests/pts/toybrot-1.2.0/toyBrot-master/raymarched/Vulkan && /usr/bin/glslangValidator -e traceRegion  -DTOYBROT_VULKAN -DTOYBROT_USE_DOUBLES --source-entrypoint main -V -o /var/lib/phoronix-test-suite/installed-tests/pts/toybrot-1.2.0/toyBrot-master/build/raymarched/Vulkan/FracGen.glsl.db.spv /var/lib/phoronix-test-suite/installed-tests/pts/toybrot-1.2.0/toyBrot-master/raymarched/Vulkan/../OpenGL/FracGen.comp.glsl
[  4%] Built target rmVulkan_VK_SRCS
make -f raymarched/Vulkan/CMakeFiles/rmVulkan.dir/build.make raymarched/Vulkan/CMakeFiles/rmVulkan.dir/depend
make[2]: Entering directory '/var/lib/phoronix-test-suite/installed-tests/pts/toybrot-1.2.0/toyBrot-master/build'
Scanning dependencies of target rmSTD_THREADS-ptr-db
make[2]: Leaving directory '/var/lib/phoronix-test-suite/installed-tests/pts/toybrot-1.2.0/toyBrot-master/build'
make -f raymarched/STDTHREADS-ptr/CMakeFiles/rmSTD_THREADS-ptr-db.dir/build.make raymarched/STDTHREADS-ptr/CMakeFiles/rmSTD_THREADS-ptr-db.dir/build
Scanning dependencies of target rmSTD_THREADS-db
[  5%] Compiling HLSL shader to SPIR-V
Scanning dependencies of target rmSTD_THREADS
Scanning dependencies of target rmSTD_TASKS-db
Scanning dependencies of target rmSTD_THREADS-mbr
Scanning dependencies of target rmSTD_TASKS
Scanning dependencies of target rmSTD_THREADS-mbr-db
Scanning dependencies of target rmSTD_THREADS-ptr
make[2]: Leaving directory '/var/lib/phoronix-test-suite/installed-tests/pts/toybrot-1.2.0/toyBrot-master/build'
Scanning dependencies of target rmTBB-db
Scanning dependencies of target rmOpenMP
Scanning dependencies of target rmTBB
Scanning dependencies of target rmOpenGL-frag
Scanning dependencies of target rmOpenGL-db
Scanning dependencies of target rmOpenGL-frag-db
Scanning dependencies of target rmOpenCL
Scanning dependencies of target rmOpenCL-db
Scanning dependencies of target rmOpenGL
Scanning dependencies of target rmOpenMP-db
make -f raymarched/STDTHREADS/CMakeFiles/rmSTD_THREADS-db.dir/build.make raymarched/STDTHREADS/CMakeFiles/rmSTD_THREADS-db.dir/build
make[2]: Leaving directory '/var/lib/phoronix-test-suite/installed-tests/pts/toybrot-1.2.0/toyBrot-master/build'
cd /var/lib/phoronix-test-suite/installed-tests/pts/toybrot-1.2.0/toyBrot-master/raymarched/Vulkan && /usr/bin/cmake -E remove -f /var/lib/phoronix-test-suite/installed-tests/pts/toybrot-1.2.0/toyBrot-master/build/raymarched/Vulkan/FracGen.hlsl.spv
make -f raymarched/STDTHREADS/CMakeFiles/rmSTD_THREADS.dir/build.make raymarched/STDTHREADS/CMakeFiles/rmSTD_THREADS.dir/build
make[2]: Leaving directory '/var/lib/phoronix-test-suite/installed-tests/pts/toybrot-1.2.0/toyBrot-master/build'
make[2]: Leaving directory '/var/lib/phoronix-test-suite/installed-tests/pts/toybrot-1.2.0/toyBrot-master/build'
make -f raymarched/STDTHREADS-member/CMakeFiles/rmSTD_THREADS-mbr.dir/build.make raymarched/STDTHREADS-member/CMakeFiles/rmSTD_THREADS-mbr.dir/build
make -f raymarched/STDTASKS/CMakeFiles/rmSTD_TASKS-db.dir/build.make raymarched/STDTASKS/CMakeFiles/rmSTD_TASKS-db.dir/build
make[2]: Leaving directory '/var/lib/phoronix-test-suite/installed-tests/pts/toybrot-1.2.0/toyBrot-master/build'
make -f raymarched/STDTHREADS-member/CMakeFiles/rmSTD_THREADS-mbr-db.dir/build.make raymarched/STDTHREADS-member/CMakeFiles/rmSTD_THREADS-mbr-db.dir/build
make[2]: Leaving directory '/var/lib/phoronix-test-suite/installed-tests/pts/toybrot-1.2.0/toyBrot-master/build'
make[2]: Leaving directory '/var/lib/phoronix-test-suite/installed-tests/pts/toybrot-1.2.0/toyBrot-master/build'
make -f raymarched/STDTHREADS-ptr/CMakeFiles/rmSTD_THREADS-ptr.dir/build.make raymarched/STDTHREADS-ptr/CMakeFiles/rmSTD_THREADS-ptr.dir/build
make -f raymarched/STDTASKS/CMakeFiles/rmSTD_TASKS.dir/build.make raymarched/STDTASKS/CMakeFiles/rmSTD_TASKS.dir/build
make[2]: Leaving directory '/var/lib/phoronix-test-suite/installed-tests/pts/toybrot-1.2.0/toyBrot-master/build'
make[2]: Leaving directory '/var/lib/phoronix-test-suite/installed-tests/pts/toybrot-1.2.0/toyBrot-master/build'
make[2]: Leaving directory '/var/lib/phoronix-test-suite/installed-tests/pts/toybrot-1.2.0/toyBrot-master/build'
make[2]: Leaving directory '/var/lib/phoronix-test-suite/installed-tests/pts/toybrot-1.2.0/toyBrot-master/build'
make[2]: Leaving directory '/var/lib/phoronix-test-suite/installed-tests/pts/toybrot-1.2.0/toyBrot-master/build'
make[2]: Leaving directory '/var/lib/phoronix-test-suite/installed-tests/pts/toybrot-1.2.0/toyBrot-master/build'
make[2]: Leaving directory '/var/lib/phoronix-test-suite/installed-tests/pts/toybrot-1.2.0/toyBrot-master/build'
make[2]: Leaving directory '/var/lib/phoronix-test-suite/installed-tests/pts/toybrot-1.2.0/toyBrot-master/build'
make[2]: Leaving directory '/var/lib/phoronix-test-suite/installed-tests/pts/toybrot-1.2.0/toyBrot-master/build'
make[2]: Leaving directory '/var/lib/phoronix-test-suite/installed-tests/pts/toybrot-1.2.0/toyBrot-master/build'
make -f raymarched/OpenGL/CMakeFiles/rmOpenGL-db.dir/build.make raymarched/OpenGL/CMakeFiles/rmOpenGL-db.dir/build
make[2]: Entering directory '/var/lib/phoronix-test-suite/installed-tests/pts/toybrot-1.2.0/toyBrot-master/build'
make[2]: Entering directory '/var/lib/phoronix-test-suite/installed-tests/pts/toybrot-1.2.0/toyBrot-master/build'
make -f raymarched/OMP/CMakeFiles/rmOpenMP-db.dir/build.make raymarched/OMP/CMakeFiles/rmOpenMP-db.dir/build
make -f raymarched/OMP/CMakeFiles/rmOpenMP.dir/build.make raymarched/OMP/CMakeFiles/rmOpenMP.dir/build
make[2]: Entering directory '/var/lib/phoronix-test-suite/installed-tests/pts/toybrot-1.2.0/toyBrot-master/build'
make -f raymarched/OpenCL/CMakeFiles/rmOpenCL-db.dir/build.make raymarched/OpenCL/CMakeFiles/rmOpenCL-db.dir/build
make -f raymarched/OpenCL/CMakeFiles/rmOpenCL.dir/build.make raymarched/OpenCL/CMakeFiles/rmOpenCL.dir/build
make -f raymarched/OpenGL/CMakeFiles/rmOpenGL.dir/build.make raymarched/OpenGL/CMakeFiles/rmOpenGL.dir/build
make -f raymarched/OpenGL-frag/CMakeFiles/rmOpenGL-frag-db.dir/build.make raymarched/OpenGL-frag/CMakeFiles/rmOpenGL-frag-db.dir/build
make -f raymarched/OpenGL-frag/CMakeFiles/rmOpenGL-frag.dir/build.make raymarched/OpenGL-frag/CMakeFiles/rmOpenGL-frag.dir/build
make -f raymarched/TBB/CMakeFiles/rmTBB-db.dir/build.make raymarched/TBB/CMakeFiles/rmTBB-db.dir/build
make -f raymarched/TBB/CMakeFiles/rmTBB.dir/build.make raymarched/TBB/CMakeFiles/rmTBB.dir/build
[  6%] Compiling GLSL shader to SPIR-V
make[2]: Entering directory '/var/lib/phoronix-test-suite/installed-tests/pts/toybrot-1.2.0/toyBrot-master/build'
make[2]: Entering directory '/var/lib/phoronix-test-suite/installed-tests/pts/toybrot-1.2.0/toyBrot-master/build'
make[2]: Entering directory '/var/lib/phoronix-test-suite/installed-tests/pts/toybrot-1.2.0/toyBrot-master/build'
make[2]: Entering directory '/var/lib/phoronix-test-suite/installed-tests/pts/toybrot-1.2.0/toyBrot-master/build'
make[2]: Entering directory '/var/lib/phoronix-test-suite/installed-tests/pts/toybrot-1.2.0/toyBrot-master/build'
make[2]: Entering directory '/var/lib/phoronix-test-suite/installed-tests/pts/toybrot-1.2.0/toyBrot-master/build'
make[2]: Entering directory '/var/lib/phoronix-test-suite/installed-tests/pts/toybrot-1.2.0/toyBrot-master/build'
make[2]: Entering directory '/var/lib/phoronix-test-suite/installed-tests/pts/toybrot-1.2.0/toyBrot-master/build'
make[2]: Entering directory '/var/lib/phoronix-test-suite/installed-tests/pts/toybrot-1.2.0/toyBrot-master/build'
make[2]: Entering directory '/var/lib/phoronix-test-suite/installed-tests/pts/toybrot-1.2.0/toyBrot-master/build'
cd /var/lib/phoronix-test-suite/installed-tests/pts/toybrot-1.2.0/toyBrot-master/raymarched/Vulkan && /usr/bin/cmake -E remove -f /var/lib/phoronix-test-suite/installed-tests/pts/toybrot-1.2.0/toyBrot-master/build/raymarched/Vulkan/FracGen.glsl.spv
make[2]: Entering directory '/var/lib/phoronix-test-suite/installed-tests/pts/toybrot-1.2.0/toyBrot-master/build'
make[2]: Entering directory '/var/lib/phoronix-test-suite/installed-tests/pts/toybrot-1.2.0/toyBrot-master/build'
make[2]: Entering directory '/var/lib/phoronix-test-suite/installed-tests/pts/toybrot-1.2.0/toyBrot-master/build'
make[2]: Entering directory '/var/lib/phoronix-test-suite/installed-tests/pts/toybrot-1.2.0/toyBrot-master/build'
make[2]: Entering directory '/var/lib/phoronix-test-suite/installed-tests/pts/toybrot-1.2.0/toyBrot-master/build'
cd /var/lib/phoronix-test-suite/installed-tests/pts/toybrot-1.2.0/toyBrot-master/raymarched/Vulkan && /usr/bin/glslangValidator -e traceRegion  -DTOYBROT_VULKAN -V -o /var/lib/phoronix-test-suite/installed-tests/pts/toybrot-1.2.0/toyBrot-master/build/raymarched/Vulkan/FracGen.hlsl.spv FracGen.comp.hlsl
[  8%] Building CXX object raymarched/STDTHREADS-member/CMakeFiles/rmSTD_THREADS-mbr-db.dir/main.cpp.o
[  8%] Building CXX object raymarched/STDTHREADS-member/CMakeFiles/rmSTD_THREADS-mbr-db.dir/FracGen.cpp.o
[  9%] Building CXX object raymarched/STDTHREADS-ptr/CMakeFiles/rmSTD_THREADS-ptr-db.dir/FracGen.cpp.o
[ 10%] Building CXX object raymarched/STDTHREADS-ptr/CMakeFiles/rmSTD_THREADS-ptr.dir/main.cpp.o
[ 11%] Building CXX object raymarched/OpenGL-frag/CMakeFiles/rmOpenGL-frag-db.dir/FracGen.cpp.o
[ 12%] Building CXX object raymarched/STDTHREADS-ptr/CMakeFiles/rmSTD_THREADS-ptr.dir/FracGen.cpp.o
[ 12%] Building CXX object raymarched/STDTHREADS-member/CMakeFiles/rmSTD_THREADS-mbr-db.dir/__/common/FracGenWindow.cpp.o
[ 12%] Building CXX object raymarched/OpenCL/CMakeFiles/rmOpenCL-db.dir/__/common/FracGenWindow.cpp.o
[ 13%] Building CXX object raymarched/STDTHREADS-member/CMakeFiles/rmSTD_THREADS-mbr-db.dir/__/common/pngWriter.cpp.o
[ 15%] Building CXX object raymarched/OpenCL/CMakeFiles/rmOpenCL.dir/__/common/pngWriter.cpp.o
[ 15%] Building CXX object raymarched/STDTASKS/CMakeFiles/rmSTD_TASKS.dir/main.cpp.o
[ 16%] Building CXX object raymarched/STDTHREADS-ptr/CMakeFiles/rmSTD_THREADS-ptr-db.dir/__/common/pngWriter.cpp.o
[ 17%] Building CXX object raymarched/STDTHREADS/CMakeFiles/rmSTD_THREADS.dir/FracGen.cpp.o
cd /var/lib/phoronix-test-suite/installed-tests/pts/toybrot-1.2.0/toyBrot-master/build/raymarched/STDTHREADS-ptr && /tmp/pts-compiler-mask-toybrot1.2.0/c++  -D"TB_USE_STDFS" -DTOYBROT_ENABLE_GUI -DTOYBROT_ENABLE_PNG -I/var/lib/phoronix-test-suite/installed-tests/pts/toybrot-1.2.0/toyBrot-master/raymarched/STDTHREADS-ptr -I/var/lib/phoronix-test-suite/installed-tests/pts/toybrot-1.2.0/toyBrot-master/raymarched/common -isystem /usr/include/SDL2  -O3 -DNDEBUG   -std=c++17 -o CMakeFiles/rmSTD_THREADS-ptr.dir/main.cpp.o -c /var/lib/phoronix-test-suite/installed-tests/pts/toybrot-1.2.0/toyBrot-master/raymarched/STDTHREADS-ptr/main.cpp
[ 18%] Building CXX object raymarched/STDTHREADS/CMakeFiles/rmSTD_THREADS-db.dir/FracGen.cpp.o
cd /var/lib/phoronix-test-suite/installed-tests/pts/toybrot-1.2.0/toyBrot-master/build/raymarched/STDTHREADS-member && /tmp/pts-compiler-mask-toybrot1.2.0/c++  -D"TB_USE_STDFS" -DTOYBROT_ENABLE_GUI -DTOYBROT_ENABLE_PNG -DTOYBROT_USE_DOUBLES -I/var/lib/phoronix-test-suite/installed-tests/pts/toybrot-1.2.0/toyBrot-master/raymarched/STDTHREADS-member -I/var/lib/phoronix-test-suite/installed-tests/pts/toybrot-1.2.0/toyBrot-master/raymarched/common -isystem /usr/include/SDL2  -O3 -DNDEBUG   -std=c++17 -o CMakeFiles/rmSTD_THREADS-mbr-db.dir/main.cpp.o -c /var/lib/phoronix-test-suite/installed-tests/pts/toybrot-1.2.0/toyBrot-master/raymarched/STDTHREADS-member/main.cpp
cd /var/lib/phoronix-test-suite/installed-tests/pts/toybrot-1.2.0/toyBrot-master/build/raymarched/STDTHREADS-ptr && /tmp/pts-compiler-mask-toybrot1.2.0/c++  -D"TB_USE_STDFS" -DTOYBROT_ENABLE_GUI -DTOYBROT_ENABLE_PNG -DTOYBROT_USE_DOUBLES -I/var/lib/phoronix-test-suite/installed-tests/pts/toybrot-1.2.0/toyBrot-master/raymarched/STDTHREADS-ptr -I/var/lib/phoronix-test-suite/installed-tests/pts/toybrot-1.2.0/toyBrot-master/raymarched/common -isystem /usr/include/SDL2  -O3 -DNDEBUG   -std=c++17 -o CMakeFiles/rmSTD_THREADS-ptr-db.dir/FracGen.cpp.o -c /var/lib/phoronix-test-suite/installed-tests/pts/toybrot-1.2.0/toyBrot-master/raymarched/STDTHREADS-ptr/FracGen.cpp
[ 20%] Building CXX object raymarched/STDTHREADS-ptr/CMakeFiles/rmSTD_THREADS-ptr.dir/__/common/FracGenWindow.cpp.o
[ 20%] Building CXX object raymarched/STDTHREADS/CMakeFiles/rmSTD_THREADS-db.dir/main.cpp.o
[ 21%] Building CXX object raymarched/OpenGL-frag/CMakeFiles/rmOpenGL-frag.dir/main.cpp.o
cd /var/lib/phoronix-test-suite/installed-tests/pts/toybrot-1.2.0/toyBrot-master/build/raymarched/STDTHREADS-member && /tmp/pts-compiler-mask-toybrot1.2.0/c++  -D"TB_USE_STDFS" -DTOYBROT_ENABLE_GUI -DTOYBROT_ENABLE_PNG -DTOYBROT_USE_DOUBLES -I/var/lib/phoronix-test-suite/installed-tests/pts/toybrot-1.2.0/toyBrot-master/raymarched/STDTHREADS-member -I/var/lib/phoronix-test-suite/installed-tests/pts/toybrot-1.2.0/toyBrot-master/raymarched/common -isystem /usr/include/SDL2  -O3 -DNDEBUG   -std=c++17 -o CMakeFiles/rmSTD_THREADS-mbr-db.dir/FracGen.cpp.o -c /var/lib/phoronix-test-suite/installed-tests/pts/toybrot-1.2.0/toyBrot-master/raymarched/STDTHREADS-member/FracGen.cpp
cd /var/lib/phoronix-test-suite/installed-tests/pts/toybrot-1.2.0/toyBrot-master/build/raymarched/STDTHREADS-ptr && /tmp/pts-compiler-mask-toybrot1.2.0/c++  -D"TB_USE_STDFS" -DTOYBROT_ENABLE_GUI -DTOYBROT_ENABLE_PNG -I/var/lib/phoronix-test-suite/installed-tests/pts/toybrot-1.2.0/toyBrot-master/raymarched/STDTHREADS-ptr -I/var/lib/phoronix-test-suite/installed-tests/pts/toybrot-1.2.0/toyBrot-master/raymarched/common -isystem /usr/include/SDL2  -O3 -DNDEBUG   -std=c++17 -o CMakeFiles/rmSTD_THREADS-ptr.dir/FracGen.cpp.o -c /var/lib/phoronix-test-suite/installed-tests/pts/toybrot-1.2.0/toyBrot-master/raymarched/STDTHREADS-ptr/FracGen.cpp
cd /var/lib/phoronix-test-suite/installed-tests/pts/toybrot-1.2.0/toyBrot-master/build/raymarched/OpenCL && /tmp/pts-compiler-mask-toybrot1.2.0/c++  -D"TB_USE_STDFS" -DTB_VEC_GL_ALIGN -DTOYBROT_ENABLE_GUI -DTOYBROT_ENABLE_PNG -DTOYBROT_USE_DOUBLES -I/var/lib/phoronix-test-suite/installed-tests/pts/toybrot-1.2.0/toyBrot-master/raymarched/OpenCL -I/var/lib/phoronix-test-suite/installed-tests/pts/toybrot-1.2.0/toyBrot-master/raymarched/common -isystem /usr/include/SDL2  -O3 -DNDEBUG   -fexceptions -std=c++17 -o CMakeFiles/rmOpenCL-db.dir/__/common/FracGenWindow.cpp.o -c /var/lib/phoronix-test-suite/installed-tests/pts/toybrot-1.2.0/toyBrot-master/raymarched/common/FracGenWindow.cpp
cd /var/lib/phoronix-test-suite/installed-tests/pts/toybrot-1.2.0/toyBrot-master/build/raymarched/STDTHREADS-member && /tmp/pts-compiler-mask-toybrot1.2.0/c++  -D"TB_USE_STDFS" -DTOYBROT_ENABLE_GUI -DTOYBROT_ENABLE_PNG -DTOYBROT_USE_DOUBLES -I/var/lib/phoronix-test-suite/installed-tests/pts/toybrot-1.2.0/toyBrot-master/raymarched/STDTHREADS-member -I/var/lib/phoronix-test-suite/installed-tests/pts/toybrot-1.2.0/toyBrot-master/raymarched/common -isystem /usr/include/SDL2  -O3 -DNDEBUG   -std=c++17 -o CMakeFiles/rmSTD_THREADS-mbr-db.dir/__/common/FracGenWindow.cpp.o -c /var/lib/phoronix-test-suite/installed-tests/pts/toybrot-1.2.0/toyBrot-master/raymarched/common/FracGenWindow.cpp
[ 22%] Building CXX object raymarched/STDTHREADS/CMakeFiles/rmSTD_THREADS-db.dir/__/common/pngWriter.cpp.o
[ 23%] Building CXX object raymarched/OpenCL/CMakeFiles/rmOpenCL-db.dir/main.cpp.o
cd /var/lib/phoronix-test-suite/installed-tests/pts/toybrot-1.2.0/toyBrot-master/build/raymarched/STDTHREADS-member && /tmp/pts-compiler-mask-toybrot1.2.0/c++  -D"TB_USE_STDFS" -DTOYBROT_ENABLE_GUI -DTOYBROT_ENABLE_PNG -DTOYBROT_USE_DOUBLES -I/var/lib/phoronix-test-suite/installed-tests/pts/toybrot-1.2.0/toyBrot-master/raymarched/STDTHREADS-member -I/var/lib/phoronix-test-suite/installed-tests/pts/toybrot-1.2.0/toyBrot-master/raymarched/common -isystem /usr/include/SDL2  -O3 -DNDEBUG   -std=c++17 -o CMakeFiles/rmSTD_THREADS-mbr-db.dir/__/common/pngWriter.cpp.o -c /var/lib/phoronix-test-suite/installed-tests/pts/toybrot-1.2.0/toyBrot-master/raymarched/common/pngWriter.cpp
cd /var/lib/phoronix-test-suite/installed-tests/pts/toybrot-1.2.0/toyBrot-master/build/raymarched/OpenCL && /tmp/pts-compiler-mask-toybrot1.2.0/c++  -D"TB_USE_STDFS" -DTB_VEC_GL_ALIGN -DTOYBROT_ENABLE_GUI -DTOYBROT_ENABLE_PNG -I/var/lib/phoronix-test-suite/installed-tests/pts/toybrot-1.2.0/toyBrot-master/raymarched/OpenCL -I/var/lib/phoronix-test-suite/installed-tests/pts/toybrot-1.2.0/toyBrot-master/raymarched/common -isystem /usr/include/SDL2  -O3 -DNDEBUG   -fexceptions -std=c++17 -o CMakeFiles/rmOpenCL.dir/__/common/pngWriter.cpp.o -c /var/lib/phoronix-test-suite/installed-tests/pts/toybrot-1.2.0/toyBrot-master/raymarched/common/pngWriter.cpp
cd /var/lib/phoronix-test-suite/installed-tests/pts/toybrot-1.2.0/toyBrot-master/build/raymarched/STDTASKS && /tmp/pts-compiler-mask-toybrot1.2.0/c++  -D"TB_USE_STDFS" -DTOYBROT_ENABLE_GUI -DTOYBROT_ENABLE_PNG -I/var/lib/phoronix-test-suite/installed-tests/pts/toybrot-1.2.0/toyBrot-master/raymarched/STDTASKS -I/var/lib/phoronix-test-suite/installed-tests/pts/toybrot-1.2.0/toyBrot-master/raymarched/common -isystem /usr/include/SDL2  -O3 -DNDEBUG   -std=c++17 -o CMakeFiles/rmSTD_TASKS.dir/main.cpp.o -c /var/lib/phoronix-test-suite/installed-tests/pts/toybrot-1.2.0/toyBrot-master/raymarched/STDTASKS/main.cpp
[ 24%] Building CXX object raymarched/TBB/CMakeFiles/rmTBB-db.dir/__/common/FracGenWindow.cpp.o
cd /var/lib/phoronix-test-suite/installed-tests/pts/toybrot-1.2.0/toyBrot-master/build/raymarched/STDTHREADS && /tmp/pts-compiler-mask-toybrot1.2.0/c++  -D"TB_USE_STDFS" -DTOYBROT_ENABLE_GUI -DTOYBROT_ENABLE_PNG -I/var/lib/phoronix-test-suite/installed-tests/pts/toybrot-1.2.0/toyBrot-master/raymarched/STDTHREADS -I/var/lib/phoronix-test-suite/installed-tests/pts/toybrot-1.2.0/toyBrot-master/raymarched/common -isystem /usr/include/SDL2  -O3 -DNDEBUG   -std=c++17 -o CMakeFiles/rmSTD_THREADS.dir/FracGen.cpp.o -c /var/lib/phoronix-test-suite/installed-tests/pts/toybrot-1.2.0/toyBrot-master/raymarched/STDTHREADS/FracGen.cpp
cd /var/lib/phoronix-test-suite/installed-tests/pts/toybrot-1.2.0/toyBrot-master/build/raymarched/STDTHREADS-ptr && /tmp/pts-compiler-mask-toybrot1.2.0/c++  -D"TB_USE_STDFS" -DTOYBROT_ENABLE_GUI -DTOYBROT_ENABLE_PNG -DTOYBROT_USE_DOUBLES -I/var/lib/phoronix-test-suite/installed-tests/pts/toybrot-1.2.0/toyBrot-master/raymarched/STDTHREADS-ptr -I/var/lib/phoronix-test-suite/installed-tests/pts/toybrot-1.2.0/toyBrot-master/raymarched/common -isystem /usr/include/SDL2  -O3 -DNDEBUG   -std=c++17 -o CMakeFiles/rmSTD_THREADS-ptr-db.dir/__/common/pngWriter.cpp.o -c /var/lib/phoronix-test-suite/installed-tests/pts/toybrot-1.2.0/toyBrot-master/raymarched/common/pngWriter.cpp
cd /var/lib/phoronix-test-suite/installed-tests/pts/toybrot-1.2.0/toyBrot-master/build/raymarched/STDTHREADS && /tmp/pts-compiler-mask-toybrot1.2.0/c++  -D"TB_USE_STDFS" -DTOYBROT_ENABLE_GUI -DTOYBROT_ENABLE_PNG -DTOYBROT_USE_DOUBLES -I/var/lib/phoronix-test-suite/installed-tests/pts/toybrot-1.2.0/toyBrot-master/raymarched/STDTHREADS -I/var/lib/phoronix-test-suite/installed-tests/pts/toybrot-1.2.0/toyBrot-master/raymarched/common -isystem /usr/include/SDL2  -O3 -DNDEBUG   -std=c++17 -o CMakeFiles/rmSTD_THREADS-db.dir/FracGen.cpp.o -c /var/lib/phoronix-test-suite/installed-tests/pts/toybrot-1.2.0/toyBrot-master/raymarched/STDTHREADS/FracGen.cpp
[ 25%] Building CXX object raymarched/OMP/CMakeFiles/rmOpenMP.dir/__/common/pngWriter.cpp.o
cd /var/lib/phoronix-test-suite/installed-tests/pts/toybrot-1.2.0/toyBrot-master/build/raymarched/OpenGL-frag && /tmp/pts-compiler-mask-toybrot1.2.0/c++  -D"TB_USE_STDFS" -DTB_OPENGL -DTB_VEC_GL_ALIGN -DTB_WEBGL_COMPAT -DTOYBROT_ENABLE_GUI -DTOYBROT_ENABLE_PNG -I/var/lib/phoronix-test-suite/installed-tests/pts/toybrot-1.2.0/toyBrot-master/raymarched/OpenGL-frag -I/var/lib/phoronix-test-suite/installed-tests/pts/toybrot-1.2.0/toyBrot-master/raymarched/common -isystem /usr/include/SDL2  -O3 -DNDEBUG   -fexceptions -std=c++17 -o CMakeFiles/rmOpenGL-frag.dir/main.cpp.o -c /var/lib/phoronix-test-suite/installed-tests/pts/toybrot-1.2.0/toyBrot-master/raymarched/OpenGL-frag/main.cpp
cd /var/lib/phoronix-test-suite/installed-tests/pts/toybrot-1.2.0/toyBrot-master/build/raymarched/STDTHREADS-ptr && /tmp/pts-compiler-mask-toybrot1.2.0/c++  -D"TB_USE_STDFS" -DTOYBROT_ENABLE_GUI -DTOYBROT_ENABLE_PNG -I/var/lib/phoronix-test-suite/installed-tests/pts/toybrot-1.2.0/toyBrot-master/raymarched/STDTHREADS-ptr -I/var/lib/phoronix-test-suite/installed-tests/pts/toybrot-1.2.0/toyBrot-master/raymarched/common -isystem /usr/include/SDL2  -O3 -DNDEBUG   -std=c++17 -o CMakeFiles/rmSTD_THREADS-ptr.dir/__/common/FracGenWindow.cpp.o -c /var/lib/phoronix-test-suite/installed-tests/pts/toybrot-1.2.0/toyBrot-master/raymarched/common/FracGenWindow.cpp
cd /var/lib/phoronix-test-suite/installed-tests/pts/toybrot-1.2.0/toyBrot-master/build/raymarched/OpenGL-frag && /tmp/pts-compiler-mask-toybrot1.2.0/c++  -D"TB_USE_STDFS" -DTB_OPENGL -DTB_VEC_GL_ALIGN -DTB_WEBGL_COMPAT -DTOYBROT_ENABLE_GUI -DTOYBROT_ENABLE_PNG -DTOYBROT_USE_DOUBLES -I/var/lib/phoronix-test-suite/installed-tests/pts/toybrot-1.2.0/toyBrot-master/raymarched/OpenGL-frag -I/var/lib/phoronix-test-suite/installed-tests/pts/toybrot-1.2.0/toyBrot-master/raymarched/common -isystem /usr/include/SDL2  -O3 -DNDEBUG   -fexceptions -std=c++17 -o CMakeFiles/rmOpenGL-frag-db.dir/FracGen.cpp.o -c /var/lib/phoronix-test-suite/installed-tests/pts/toybrot-1.2.0/toyBrot-master/raymarched/OpenGL-frag/FracGen.cpp
cd /var/lib/phoronix-test-suite/installed-tests/pts/toybrot-1.2.0/toyBrot-master/build/raymarched/TBB && /tmp/pts-compiler-mask-toybrot1.2.0/c++  -D"TB_USE_STDFS" -DTOYBROT_ENABLE_GUI -DTOYBROT_ENABLE_PNG -DTOYBROT_USE_DOUBLES -I/var/lib/phoronix-test-suite/installed-tests/pts/toybrot-1.2.0/toyBrot-master/raymarched/TBB -I/var/lib/phoronix-test-suite/installed-tests/pts/toybrot-1.2.0/toyBrot-master/raymarched/common -isystem /usr/include/SDL2  -O3 -DNDEBUG   -std=c++17 -o CMakeFiles/rmTBB-db.dir/__/common/FracGenWindow.cpp.o -c /var/lib/phoronix-test-suite/installed-tests/pts/toybrot-1.2.0/toyBrot-master/raymarched/common/FracGenWindow.cpp
cd /var/lib/phoronix-test-suite/installed-tests/pts/toybrot-1.2.0/toyBrot-master/build/raymarched/STDTHREADS && /tmp/pts-compiler-mask-toybrot1.2.0/c++  -D"TB_USE_STDFS" -DTOYBROT_ENABLE_GUI -DTOYBROT_ENABLE_PNG -DTOYBROT_USE_DOUBLES -I/var/lib/phoronix-test-suite/installed-tests/pts/toybrot-1.2.0/toyBrot-master/raymarched/STDTHREADS -I/var/lib/phoronix-test-suite/installed-tests/pts/toybrot-1.2.0/toyBrot-master/raymarched/common -isystem /usr/include/SDL2  -O3 -DNDEBUG   -std=c++17 -o CMakeFiles/rmSTD_THREADS-db.dir/main.cpp.o -c /var/lib/phoronix-test-suite/installed-tests/pts/toybrot-1.2.0/toyBrot-master/raymarched/STDTHREADS/main.cpp
cd /var/lib/phoronix-test-suite/installed-tests/pts/toybrot-1.2.0/toyBrot-master/build/raymarched/OpenCL && /tmp/pts-compiler-mask-toybrot1.2.0/c++  -D"TB_USE_STDFS" -DTB_VEC_GL_ALIGN -DTOYBROT_ENABLE_GUI -DTOYBROT_ENABLE_PNG -DTOYBROT_USE_DOUBLES -I/var/lib/phoronix-test-suite/installed-tests/pts/toybrot-1.2.0/toyBrot-master/raymarched/OpenCL -I/var/lib/phoronix-test-suite/installed-tests/pts/toybrot-1.2.0/toyBrot-master/raymarched/common -isystem /usr/include/SDL2  -O3 -DNDEBUG   -fexceptions -std=c++17 -o CMakeFiles/rmOpenCL-db.dir/main.cpp.o -c /var/lib/phoronix-test-suite/installed-tests/pts/toybrot-1.2.0/toyBrot-master/raymarched/OpenCL/main.cpp
[ 26%] Building CXX object raymarched/OMP/CMakeFiles/rmOpenMP-db.dir/__/common/pngWriter.cpp.o
cd /var/lib/phoronix-test-suite/installed-tests/pts/toybrot-1.2.0/toyBrot-master/build/raymarched/STDTHREADS && /tmp/pts-compiler-mask-toybrot1.2.0/c++  -D"TB_USE_STDFS" -DTOYBROT_ENABLE_GUI -DTOYBROT_ENABLE_PNG -DTOYBROT_USE_DOUBLES -I/var/lib/phoronix-test-suite/installed-tests/pts/toybrot-1.2.0/toyBrot-master/raymarched/STDTHREADS -I/var/lib/phoronix-test-suite/installed-tests/pts/toybrot-1.2.0/toyBrot-master/raymarched/common -isystem /usr/include/SDL2  -O3 -DNDEBUG   -std=c++17 -o CMakeFiles/rmSTD_THREADS-db.dir/__/common/pngWriter.cpp.o -c /var/lib/phoronix-test-suite/installed-tests/pts/toybrot-1.2.0/toyBrot-master/raymarched/common/pngWriter.cpp
[ 27%] Building CXX object raymarched/STDTHREADS-member/CMakeFiles/rmSTD_THREADS-mbr.dir/FracGen.cpp.o
cd /var/lib/phoronix-test-suite/installed-tests/pts/toybrot-1.2.0/toyBrot-master/build/raymarched/OMP && /tmp/pts-compiler-mask-toybrot1.2.0/c++  -D"TB_USE_STDFS" -DTOYBROT_ENABLE_GUI -DTOYBROT_ENABLE_PNG -I/var/lib/phoronix-test-suite/installed-tests/pts/toybrot-1.2.0/toyBrot-master/raymarched/OMP -I/var/lib/phoronix-test-suite/installed-tests/pts/toybrot-1.2.0/toyBrot-master/raymarched/common -isystem /usr/include/SDL2  -O3 -DNDEBUG -fPIE   -fopenmp -std=c++17 -o CMakeFiles/rmOpenMP.dir/__/common/pngWriter.cpp.o -c /var/lib/phoronix-test-suite/installed-tests/pts/toybrot-1.2.0/toyBrot-master/raymarched/common/pngWriter.cpp
[ 30%] Building CXX object raymarched/STDTASKS/CMakeFiles/rmSTD_TASKS-db.dir/__/common/FracGenWindow.cpp.o
[ 30%] Building CXX object raymarched/STDTHREADS-ptr/CMakeFiles/rmSTD_THREADS-ptr.dir/__/common/pngWriter.cpp.o
[ 30%] Building CXX object raymarched/OMP/CMakeFiles/rmOpenMP.dir/main.cpp.o
[ 31%] Building CXX object raymarched/STDTHREADS-member/CMakeFiles/rmSTD_THREADS-mbr.dir/__/common/FracGenWindow.cpp.o
cd /var/lib/phoronix-test-suite/installed-tests/pts/toybrot-1.2.0/toyBrot-master/build/raymarched/OMP && /tmp/pts-compiler-mask-toybrot1.2.0/c++  -D"TB_USE_STDFS" -DTOYBROT_ENABLE_GUI -DTOYBROT_ENABLE_PNG -DTOYBROT_USE_DOUBLES -I/var/lib/phoronix-test-suite/installed-tests/pts/toybrot-1.2.0/toyBrot-master/raymarched/OMP -I/var/lib/phoronix-test-suite/installed-tests/pts/toybrot-1.2.0/toyBrot-master/raymarched/common -isystem /usr/include/SDL2  -O3 -DNDEBUG -fPIE   -fopenmp -std=c++17 -o CMakeFiles/rmOpenMP-db.dir/__/common/pngWriter.cpp.o -c /var/lib/phoronix-test-suite/installed-tests/pts/toybrot-1.2.0/toyBrot-master/raymarched/common/pngWriter.cpp
[ 32%] Building CXX object raymarched/TBB/CMakeFiles/rmTBB.dir/main.cpp.o
[ 33%] Building CXX object raymarched/STDTASKS/CMakeFiles/rmSTD_TASKS-db.dir/main.cpp.o
cd /var/lib/phoronix-test-suite/installed-tests/pts/toybrot-1.2.0/toyBrot-master/build/raymarched/STDTHREADS-member && /tmp/pts-compiler-mask-toybrot1.2.0/c++  -D"TB_USE_STDFS" -DTOYBROT_ENABLE_GUI -DTOYBROT_ENABLE_PNG -I/var/lib/phoronix-test-suite/installed-tests/pts/toybrot-1.2.0/toyBrot-master/raymarched/STDTHREADS-member -I/var/lib/phoronix-test-suite/installed-tests/pts/toybrot-1.2.0/toyBrot-master/raymarched/common -isystem /usr/include/SDL2  -O3 -DNDEBUG   -std=c++17 -o CMakeFiles/rmSTD_THREADS-mbr.dir/FracGen.cpp.o -c /var/lib/phoronix-test-suite/installed-tests/pts/toybrot-1.2.0/toyBrot-master/raymarched/STDTHREADS-member/FracGen.cpp
cd /var/lib/phoronix-test-suite/installed-tests/pts/toybrot-1.2.0/toyBrot-master/build/raymarched/STDTHREADS-ptr && /tmp/pts-compiler-mask-toybrot1.2.0/c++  -D"TB_USE_STDFS" -DTOYBROT_ENABLE_GUI -DTOYBROT_ENABLE_PNG -I/var/lib/phoronix-test-suite/installed-tests/pts/toybrot-1.2.0/toyBrot-master/raymarched/STDTHREADS-ptr -I/var/lib/phoronix-test-suite/installed-tests/pts/toybrot-1.2.0/toyBrot-master/raymarched/common -isystem /usr/include/SDL2  -O3 -DNDEBUG   -std=c++17 -o CMakeFiles/rmSTD_THREADS-ptr.dir/__/common/pngWriter.cpp.o -c /var/lib/phoronix-test-suite/installed-tests/pts/toybrot-1.2.0/toyBrot-master/raymarched/common/pngWriter.cpp
[ 34%] Building CXX object raymarched/OpenCL/CMakeFiles/rmOpenCL-db.dir/FracGen.cpp.o
cd /var/lib/phoronix-test-suite/installed-tests/pts/toybrot-1.2.0/toyBrot-master/build/raymarched/STDTASKS && /tmp/pts-compiler-mask-toybrot1.2.0/c++  -D"TB_USE_STDFS" -DTOYBROT_ENABLE_GUI -DTOYBROT_ENABLE_PNG -DTOYBROT_USE_DOUBLES -I/var/lib/phoronix-test-suite/installed-tests/pts/toybrot-1.2.0/toyBrot-master/raymarched/STDTASKS -I/var/lib/phoronix-test-suite/installed-tests/pts/toybrot-1.2.0/toyBrot-master/raymarched/common -isystem /usr/include/SDL2  -O3 -DNDEBUG   -std=c++17 -o CMakeFiles/rmSTD_TASKS-db.dir/__/common/FracGenWindow.cpp.o -c /var/lib/phoronix-test-suite/installed-tests/pts/toybrot-1.2.0/toyBrot-master/raymarched/common/FracGenWindow.cpp
cd /var/lib/phoronix-test-suite/installed-tests/pts/toybrot-1.2.0/toyBrot-master/build/raymarched/OMP && /tmp/pts-compiler-mask-toybrot1.2.0/c++  -D"TB_USE_STDFS" -DTOYBROT_ENABLE_GUI -DTOYBROT_ENABLE_PNG -I/var/lib/phoronix-test-suite/installed-tests/pts/toybrot-1.2.0/toyBrot-master/raymarched/OMP -I/var/lib/phoronix-test-suite/installed-tests/pts/toybrot-1.2.0/toyBrot-master/raymarched/common -isystem /usr/include/SDL2  -O3 -DNDEBUG -fPIE   -fopenmp -std=c++17 -o CMakeFiles/rmOpenMP.dir/main.cpp.o -c /var/lib/phoronix-test-suite/installed-tests/pts/toybrot-1.2.0/toyBrot-master/raymarched/OMP/main.cpp
cd /var/lib/phoronix-test-suite/installed-tests/pts/toybrot-1.2.0/toyBrot-master/build/raymarched/STDTHREADS-member && /tmp/pts-compiler-mask-toybrot1.2.0/c++  -D"TB_USE_STDFS" -DTOYBROT_ENABLE_GUI -DTOYBROT_ENABLE_PNG -I/var/lib/phoronix-test-suite/installed-tests/pts/toybrot-1.2.0/toyBrot-master/raymarched/STDTHREADS-member -I/var/lib/phoronix-test-suite/installed-tests/pts/toybrot-1.2.0/toyBrot-master/raymarched/common -isystem /usr/include/SDL2  -O3 -DNDEBUG   -std=c++17 -o CMakeFiles/rmSTD_THREADS-mbr.dir/__/common/FracGenWindow.cpp.o -c /var/lib/phoronix-test-suite/installed-tests/pts/toybrot-1.2.0/toyBrot-master/raymarched/common/FracGenWindow.cpp
[ 34%] Building CXX object raymarched/STDTHREADS-member/CMakeFiles/rmSTD_THREADS-mbr.dir/main.cpp.o
[ 35%] Building CXX object raymarched/STDTASKS/CMakeFiles/rmSTD_TASKS.dir/__/common/pngWriter.cpp.o
[ 36%] Building CXX object raymarched/OMP/CMakeFiles/rmOpenMP-db.dir/__/common/FracGenWindow.cpp.o
cd /var/lib/phoronix-test-suite/installed-tests/pts/toybrot-1.2.0/toyBrot-master/build/raymarched/TBB && /tmp/pts-compiler-mask-toybrot1.2.0/c++  -D"TB_USE_STDFS" -DTOYBROT_ENABLE_GUI -DTOYBROT_ENABLE_PNG -I/var/lib/phoronix-test-suite/installed-tests/pts/toybrot-1.2.0/toyBrot-master/raymarched/TBB -I/var/lib/phoronix-test-suite/installed-tests/pts/toybrot-1.2.0/toyBrot-master/raymarched/common -isystem /usr/include/SDL2  -O3 -DNDEBUG   -std=c++17 -o CMakeFiles/rmTBB.dir/main.cpp.o -c /var/lib/phoronix-test-suite/installed-tests/pts/toybrot-1.2.0/toyBrot-master/raymarched/TBB/main.cpp
cd /var/lib/phoronix-test-suite/installed-tests/pts/toybrot-1.2.0/toyBrot-master/build/raymarched/OpenCL && /tmp/pts-compiler-mask-toybrot1.2.0/c++  -D"TB_USE_STDFS" -DTB_VEC_GL_ALIGN -DTOYBROT_ENABLE_GUI -DTOYBROT_ENABLE_PNG -DTOYBROT_USE_DOUBLES -I/var/lib/phoronix-test-suite/installed-tests/pts/toybrot-1.2.0/toyBrot-master/raymarched/OpenCL -I/var/lib/phoronix-test-suite/installed-tests/pts/toybrot-1.2.0/toyBrot-master/raymarched/common -isystem /usr/include/SDL2  -O3 -DNDEBUG   -fexceptions -std=c++17 -o CMakeFiles/rmOpenCL-db.dir/FracGen.cpp.o -c /var/lib/phoronix-test-suite/installed-tests/pts/toybrot-1.2.0/toyBrot-master/raymarched/OpenCL/FracGen.cpp
cd /var/lib/phoronix-test-suite/installed-tests/pts/toybrot-1.2.0/toyBrot-master/build/raymarched/STDTASKS && /tmp/pts-compiler-mask-toybrot1.2.0/c++  -D"TB_USE_STDFS" -DTOYBROT_ENABLE_GUI -DTOYBROT_ENABLE_PNG -DTOYBROT_USE_DOUBLES -I/var/lib/phoronix-test-suite/installed-tests/pts/toybrot-1.2.0/toyBrot-master/raymarched/STDTASKS -I/var/lib/phoronix-test-suite/installed-tests/pts/toybrot-1.2.0/toyBrot-master/raymarched/common -isystem /usr/include/SDL2  -O3 -DNDEBUG   -std=c++17 -o CMakeFiles/rmSTD_TASKS-db.dir/main.cpp.o -c /var/lib/phoronix-test-suite/installed-tests/pts/toybrot-1.2.0/toyBrot-master/raymarched/STDTASKS/main.cpp
[ 37%] Building CXX object raymarched/STDTASKS/CMakeFiles/rmSTD_TASKS-db.dir/__/common/pngWriter.cpp.o
[ 38%] Building CXX object raymarched/STDTASKS/CMakeFiles/rmSTD_TASKS.dir/FracGen.cpp.o
[ 38%] Building CXX object raymarched/TBB/CMakeFiles/rmTBB.dir/__/common/FracGenWindow.cpp.o
cd /var/lib/phoronix-test-suite/installed-tests/pts/toybrot-1.2.0/toyBrot-master/build/raymarched/STDTHREADS-member && /tmp/pts-compiler-mask-toybrot1.2.0/c++  -D"TB_USE_STDFS" -DTOYBROT_ENABLE_GUI -DTOYBROT_ENABLE_PNG -I/var/lib/phoronix-test-suite/installed-tests/pts/toybrot-1.2.0/toyBrot-master/raymarched/STDTHREADS-member -I/var/lib/phoronix-test-suite/installed-tests/pts/toybrot-1.2.0/toyBrot-master/raymarched/common -isystem /usr/include/SDL2  -O3 -DNDEBUG   -std=c++17 -o CMakeFiles/rmSTD_THREADS-mbr.dir/main.cpp.o -c /var/lib/phoronix-test-suite/installed-tests/pts/toybrot-1.2.0/toyBrot-master/raymarched/STDTHREADS-member/main.cpp
[ 41%] Building CXX object raymarched/OpenGL/CMakeFiles/rmOpenGL.dir/__/common/pngWriter.cpp.o
[ 41%] Building CXX object raymarched/OpenGL/CMakeFiles/rmOpenGL-db.dir/__/common/pngWriter.cpp.o
[ 41%] Building CXX object raymarched/STDTHREADS/CMakeFiles/rmSTD_THREADS.dir/main.cpp.o
cd /var/lib/phoronix-test-suite/installed-tests/pts/toybrot-1.2.0/toyBrot-master/build/raymarched/STDTASKS && /tmp/pts-compiler-mask-toybrot1.2.0/c++  -D"TB_USE_STDFS" -DTOYBROT_ENABLE_GUI -DTOYBROT_ENABLE_PNG -I/var/lib/phoronix-test-suite/installed-tests/pts/toybrot-1.2.0/toyBrot-master/raymarched/STDTASKS -I/var/lib/phoronix-test-suite/installed-tests/pts/toybrot-1.2.0/toyBrot-master/raymarched/common -isystem /usr/include/SDL2  -O3 -DNDEBUG   -std=c++17 -o CMakeFiles/rmSTD_TASKS.dir/__/common/pngWriter.cpp.o -c /var/lib/phoronix-test-suite/installed-tests/pts/toybrot-1.2.0/toyBrot-master/raymarched/common/pngWriter.cpp
[ 42%] Building CXX object raymarched/TBB/CMakeFiles/rmTBB.dir/FracGen.cpp.o
cd /var/lib/phoronix-test-suite/installed-tests/pts/toybrot-1.2.0/toyBrot-master/build/raymarched/OMP && /tmp/pts-compiler-mask-toybrot1.2.0/c++  -D"TB_USE_STDFS" -DTOYBROT_ENABLE_GUI -DTOYBROT_ENABLE_PNG -DTOYBROT_USE_DOUBLES -I/var/lib/phoronix-test-suite/installed-tests/pts/toybrot-1.2.0/toyBrot-master/raymarched/OMP -I/var/lib/phoronix-test-suite/installed-tests/pts/toybrot-1.2.0/toyBrot-master/raymarched/common -isystem /usr/include/SDL2  -O3 -DNDEBUG -fPIE   -fopenmp -std=c++17 -o CMakeFiles/rmOpenMP-db.dir/__/common/FracGenWindow.cpp.o -c /var/lib/phoronix-test-suite/installed-tests/pts/toybrot-1.2.0/toyBrot-master/raymarched/common/FracGenWindow.cpp
[ 42%] Building CXX object raymarched/STDTHREADS-ptr/CMakeFiles/rmSTD_THREADS-ptr-db.dir/main.cpp.o
[ 44%] Building CXX object raymarched/TBB/CMakeFiles/rmTBB-db.dir/__/common/pngWriter.cpp.o
[ 44%] Building CXX object raymarched/OpenGL-frag/CMakeFiles/rmOpenGL-frag.dir/__/common/FracGenWindow.cpp.o
cd /var/lib/phoronix-test-suite/installed-tests/pts/toybrot-1.2.0/toyBrot-master/build/raymarched/STDTASKS && /tmp/pts-compiler-mask-toybrot1.2.0/c++  -D"TB_USE_STDFS" -DTOYBROT_ENABLE_GUI -DTOYBROT_ENABLE_PNG -I/var/lib/phoronix-test-suite/installed-tests/pts/toybrot-1.2.0/toyBrot-master/raymarched/STDTASKS -I/var/lib/phoronix-test-suite/installed-tests/pts/toybrot-1.2.0/toyBrot-master/raymarched/common -isystem /usr/include/SDL2  -O3 -DNDEBUG   -std=c++17 -o CMakeFiles/rmSTD_TASKS.dir/FracGen.cpp.o -c /var/lib/phoronix-test-suite/installed-tests/pts/toybrot-1.2.0/toyBrot-master/raymarched/STDTASKS/FracGen.cpp
[ 45%] Building CXX object raymarched/STDTHREADS-member/CMakeFiles/rmSTD_THREADS-mbr.dir/__/common/pngWriter.cpp.o
cd /var/lib/phoronix-test-suite/installed-tests/pts/toybrot-1.2.0/toyBrot-master/build/raymarched/STDTASKS && /tmp/pts-compiler-mask-toybrot1.2.0/c++  -D"TB_USE_STDFS" -DTOYBROT_ENABLE_GUI -DTOYBROT_ENABLE_PNG -DTOYBROT_USE_DOUBLES -I/var/lib/phoronix-test-suite/installed-tests/pts/toybrot-1.2.0/toyBrot-master/raymarched/STDTASKS -I/var/lib/phoronix-test-suite/installed-tests/pts/toybrot-1.2.0/toyBrot-master/raymarched/common -isystem /usr/include/SDL2  -O3 -DNDEBUG   -std=c++17 -o CMakeFiles/rmSTD_TASKS-db.dir/__/common/pngWriter.cpp.o -c /var/lib/phoronix-test-suite/installed-tests/pts/toybrot-1.2.0/toyBrot-master/raymarched/common/pngWriter.cpp
[ 47%] Building CXX object raymarched/OMP/CMakeFiles/rmOpenMP.dir/__/common/FracGenWindow.cpp.o
[ 47%] Building CXX object raymarched/STDTASKS/CMakeFiles/rmSTD_TASKS.dir/__/common/FracGenWindow.cpp.o
[ 48%] Building CXX object raymarched/OpenGL/CMakeFiles/rmOpenGL.dir/main.cpp.o
cd /var/lib/phoronix-test-suite/installed-tests/pts/toybrot-1.2.0/toyBrot-master/raymarched/Vulkan && /usr/bin/glslangValidator -e traceRegion  -DTOYBROT_VULKAN --source-entrypoint main -V -o /var/lib/phoronix-test-suite/installed-tests/pts/toybrot-1.2.0/toyBrot-master/build/raymarched/Vulkan/FracGen.glsl.spv /var/lib/phoronix-test-suite/installed-tests/pts/toybrot-1.2.0/toyBrot-master/raymarched/Vulkan/../OpenGL/FracGen.comp.glsl
[ 49%] Building CXX object raymarched/STDTHREADS-ptr/CMakeFiles/rmSTD_THREADS-ptr-db.dir/__/common/FracGenWindow.cpp.o
[ 50%] Building CXX object raymarched/TBB/CMakeFiles/rmTBB.dir/__/common/pngWriter.cpp.o
cd /var/lib/phoronix-test-suite/installed-tests/pts/toybrot-1.2.0/toyBrot-master/build/raymarched/TBB && /tmp/pts-compiler-mask-toybrot1.2.0/c++  -D"TB_USE_STDFS" -DTOYBROT_ENABLE_GUI -DTOYBROT_ENABLE_PNG -I/var/lib/phoronix-test-suite/installed-tests/pts/toybrot-1.2.0/toyBrot-master/raymarched/TBB -I/var/lib/phoronix-test-suite/installed-tests/pts/toybrot-1.2.0/toyBrot-master/raymarched/common -isystem /usr/include/SDL2  -O3 -DNDEBUG   -std=c++17 -o CMakeFiles/rmTBB.dir/__/common/FracGenWindow.cpp.o -c /var/lib/phoronix-test-suite/installed-tests/pts/toybrot-1.2.0/toyBrot-master/raymarched/common/FracGenWindow.cpp
[ 50%] Building CXX object raymarched/STDTHREADS/CMakeFiles/rmSTD_THREADS.dir/__/common/pngWriter.cpp.o
[ 51%] Building CXX object raymarched/OpenGL/CMakeFiles/rmOpenGL-db.dir/__/common/FracGenWindow.cpp.o
[ 52%] Building CXX object raymarched/OpenGL/CMakeFiles/rmOpenGL-db.dir/FracGen.cpp.o
cd /var/lib/phoronix-test-suite/installed-tests/pts/toybrot-1.2.0/toyBrot-master/build/raymarched/OpenGL && /tmp/pts-compiler-mask-toybrot1.2.0/c++  -D"TB_USE_STDFS" -DTB_OPENGL -DTB_VEC_GL_ALIGN -DTOYBROT_ENABLE_GUI -DTOYBROT_ENABLE_PNG -I/var/lib/phoronix-test-suite/installed-tests/pts/toybrot-1.2.0/toyBrot-master/raymarched/OpenGL -I/var/lib/phoronix-test-suite/installed-tests/pts/toybrot-1.2.0/toyBrot-master/raymarched/common -isystem /usr/include/SDL2  -O3 -DNDEBUG   -fexceptions -std=c++17 -o CMakeFiles/rmOpenGL.dir/__/common/pngWriter.cpp.o -c /var/lib/phoronix-test-suite/installed-tests/pts/toybrot-1.2.0/toyBrot-master/raymarched/common/pngWriter.cpp
cd /var/lib/phoronix-test-suite/installed-tests/pts/toybrot-1.2.0/toyBrot-master/build/raymarched/OpenGL && /tmp/pts-compiler-mask-toybrot1.2.0/c++  -D"TB_USE_STDFS" -DTB_OPENGL -DTB_VEC_GL_ALIGN -DTOYBROT_ENABLE_GUI -DTOYBROT_ENABLE_PNG -DTOYBROT_USE_DOUBLES -I/var/lib/phoronix-test-suite/installed-tests/pts/toybrot-1.2.0/toyBrot-master/raymarched/OpenGL -I/var/lib/phoronix-test-suite/installed-tests/pts/toybrot-1.2.0/toyBrot-master/raymarched/common -isystem /usr/include/SDL2  -O3 -DNDEBUG   -fexceptions -std=c++17 -o CMakeFiles/rmOpenGL-db.dir/__/common/pngWriter.cpp.o -c /var/lib/phoronix-test-suite/installed-tests/pts/toybrot-1.2.0/toyBrot-master/raymarched/common/pngWriter.cpp
[ 54%] Building CXX object raymarched/OMP/CMakeFiles/rmOpenMP-db.dir/FracGen.cpp.o
[ 54%] Building CXX object raymarched/OpenGL-frag/CMakeFiles/rmOpenGL-frag.dir/__/common/pngWriter.cpp.o
[ 54%] Building CXX object raymarched/OMP/CMakeFiles/rmOpenMP-db.dir/main.cpp.o
cd /var/lib/phoronix-test-suite/installed-tests/pts/toybrot-1.2.0/toyBrot-master/build/raymarched/OpenGL-frag && /tmp/pts-compiler-mask-toybrot1.2.0/c++  -D"TB_USE_STDFS" -DTB_OPENGL -DTB_VEC_GL_ALIGN -DTB_WEBGL_COMPAT -DTOYBROT_ENABLE_GUI -DTOYBROT_ENABLE_PNG -I/var/lib/phoronix-test-suite/installed-tests/pts/toybrot-1.2.0/toyBrot-master/raymarched/OpenGL-frag -I/var/lib/phoronix-test-suite/installed-tests/pts/toybrot-1.2.0/toyBrot-master/raymarched/common -isystem /usr/include/SDL2  -O3 -DNDEBUG   -fexceptions -std=c++17 -o CMakeFiles/rmOpenGL-frag.dir/__/common/FracGenWindow.cpp.o -c /var/lib/phoronix-test-suite/installed-tests/pts/toybrot-1.2.0/toyBrot-master/raymarched/common/FracGenWindow.cpp
cd /var/lib/phoronix-test-suite/installed-tests/pts/toybrot-1.2.0/toyBrot-master/build/raymarched/TBB && /tmp/pts-compiler-mask-toybrot1.2.0/c++  -D"TB_USE_STDFS" -DTOYBROT_ENABLE_GUI -DTOYBROT_ENABLE_PNG -I/var/lib/phoronix-test-suite/installed-tests/pts/toybrot-1.2.0/toyBrot-master/raymarched/TBB -I/var/lib/phoronix-test-suite/installed-tests/pts/toybrot-1.2.0/toyBrot-master/raymarched/common -isystem /usr/include/SDL2  -O3 -DNDEBUG   -std=c++17 -o CMakeFiles/rmTBB.dir/FracGen.cpp.o -c /var/lib/phoronix-test-suite/installed-tests/pts/toybrot-1.2.0/toyBrot-master/raymarched/TBB/FracGen.cpp
cd /var/lib/phoronix-test-suite/installed-tests/pts/toybrot-1.2.0/toyBrot-master/build/raymarched/TBB && /tmp/pts-compiler-mask-toybrot1.2.0/c++  -D"TB_USE_STDFS" -DTOYBROT_ENABLE_GUI -DTOYBROT_ENABLE_PNG -DTOYBROT_USE_DOUBLES -I/var/lib/phoronix-test-suite/installed-tests/pts/toybrot-1.2.0/toyBrot-master/raymarched/TBB -I/var/lib/phoronix-test-suite/installed-tests/pts/toybrot-1.2.0/toyBrot-master/raymarched/common -isystem /usr/include/SDL2  -O3 -DNDEBUG   -std=c++17 -o CMakeFiles/rmTBB-db.dir/__/common/pngWriter.cpp.o -c /var/lib/phoronix-test-suite/installed-tests/pts/toybrot-1.2.0/toyBrot-master/raymarched/common/pngWriter.cpp
[ 55%] Building CXX object raymarched/OpenCL/CMakeFiles/rmOpenCL.dir/main.cpp.o
[ 55%] Building CXX object raymarched/OMP/CMakeFiles/rmOpenMP.dir/FracGen.cpp.o
[ 56%] Building CXX object raymarched/OpenGL/CMakeFiles/rmOpenGL.dir/FracGen.cpp.o
cd /var/lib/phoronix-test-suite/installed-tests/pts/toybrot-1.2.0/toyBrot-master/build/raymarched/STDTHREADS && /tmp/pts-compiler-mask-toybrot1.2.0/c++  -D"TB_USE_STDFS" -DTOYBROT_ENABLE_GUI -DTOYBROT_ENABLE_PNG -I/var/lib/phoronix-test-suite/installed-tests/pts/toybrot-1.2.0/toyBrot-master/raymarched/STDTHREADS -I/var/lib/phoronix-test-suite/installed-tests/pts/toybrot-1.2.0/toyBrot-master/raymarched/common -isystem /usr/include/SDL2  -O3 -DNDEBUG   -std=c++17 -o CMakeFiles/rmSTD_THREADS.dir/main.cpp.o -c /var/lib/phoronix-test-suite/installed-tests/pts/toybrot-1.2.0/toyBrot-master/raymarched/STDTHREADS/main.cpp
cd /var/lib/phoronix-test-suite/installed-tests/pts/toybrot-1.2.0/toyBrot-master/build/raymarched/STDTHREADS-ptr && /tmp/pts-compiler-mask-toybrot1.2.0/c++  -D"TB_USE_STDFS" -DTOYBROT_ENABLE_GUI -DTOYBROT_ENABLE_PNG -DTOYBROT_USE_DOUBLES -I/var/lib/phoronix-test-suite/installed-tests/pts/toybrot-1.2.0/toyBrot-master/raymarched/STDTHREADS-ptr -I/var/lib/phoronix-test-suite/installed-tests/pts/toybrot-1.2.0/toyBrot-master/raymarched/common -isystem /usr/include/SDL2  -O3 -DNDEBUG   -std=c++17 -o CMakeFiles/rmSTD_THREADS-ptr-db.dir/main.cpp.o -c /var/lib/phoronix-test-suite/installed-tests/pts/toybrot-1.2.0/toyBrot-master/raymarched/STDTHREADS-ptr/main.cpp
cd /var/lib/phoronix-test-suite/installed-tests/pts/toybrot-1.2.0/toyBrot-master/build/raymarched/OMP && /tmp/pts-compiler-mask-toybrot1.2.0/c++  -D"TB_USE_STDFS" -DTOYBROT_ENABLE_GUI -DTOYBROT_ENABLE_PNG -I/var/lib/phoronix-test-suite/installed-tests/pts/toybrot-1.2.0/toyBrot-master/raymarched/OMP -I/var/lib/phoronix-test-suite/installed-tests/pts/toybrot-1.2.0/toyBrot-master/raymarched/common -isystem /usr/include/SDL2  -O3 -DNDEBUG -fPIE   -fopenmp -std=c++17 -o CMakeFiles/rmOpenMP.dir/__/common/FracGenWindow.cpp.o -c /var/lib/phoronix-test-suite/installed-tests/pts/toybrot-1.2.0/toyBrot-master/raymarched/common/FracGenWindow.cpp
cd /var/lib/phoronix-test-suite/installed-tests/pts/toybrot-1.2.0/toyBrot-master/build/raymarched/STDTASKS && /tmp/pts-compiler-mask-toybrot1.2.0/c++  -D"TB_USE_STDFS" -DTOYBROT_ENABLE_GUI -DTOYBROT_ENABLE_PNG -I/var/lib/phoronix-test-suite/installed-tests/pts/toybrot-1.2.0/toyBrot-master/raymarched/STDTASKS -I/var/lib/phoronix-test-suite/installed-tests/pts/toybrot-1.2.0/toyBrot-master/raymarched/common -isystem /usr/include/SDL2  -O3 -DNDEBUG   -std=c++17 -o CMakeFiles/rmSTD_TASKS.dir/__/common/FracGenWindow.cpp.o -c /var/lib/phoronix-test-suite/installed-tests/pts/toybrot-1.2.0/toyBrot-master/raymarched/common/FracGenWindow.cpp
cd /var/lib/phoronix-test-suite/installed-tests/pts/toybrot-1.2.0/toyBrot-master/build/raymarched/OpenGL && /tmp/pts-compiler-mask-toybrot1.2.0/c++  -D"TB_USE_STDFS" -DTB_OPENGL -DTB_VEC_GL_ALIGN -DTOYBROT_ENABLE_GUI -DTOYBROT_ENABLE_PNG -I/var/lib/phoronix-test-suite/installed-tests/pts/toybrot-1.2.0/toyBrot-master/raymarched/OpenGL -I/var/lib/phoronix-test-suite/installed-tests/pts/toybrot-1.2.0/toyBrot-master/raymarched/common -isystem /usr/include/SDL2  -O3 -DNDEBUG   -fexceptions -std=c++17 -o CMakeFiles/rmOpenGL.dir/main.cpp.o -c /var/lib/phoronix-test-suite/installed-tests/pts/toybrot-1.2.0/toyBrot-master/raymarched/OpenGL/main.cpp
cd /var/lib/phoronix-test-suite/installed-tests/pts/toybrot-1.2.0/toyBrot-master/build/raymarched/STDTHREADS-member && /tmp/pts-compiler-mask-toybrot1.2.0/c++  -D"TB_USE_STDFS" -DTOYBROT_ENABLE_GUI -DTOYBROT_ENABLE_PNG -I/var/lib/phoronix-test-suite/installed-tests/pts/toybrot-1.2.0/toyBrot-master/raymarched/STDTHREADS-member -I/var/lib/phoronix-test-suite/installed-tests/pts/toybrot-1.2.0/toyBrot-master/raymarched/common -isystem /usr/include/SDL2  -O3 -DNDEBUG   -std=c++17 -o CMakeFiles/rmSTD_THREADS-mbr.dir/__/common/pngWriter.cpp.o -c /var/lib/phoronix-test-suite/installed-tests/pts/toybrot-1.2.0/toyBrot-master/raymarched/common/pngWriter.cpp
[ 56%] Building CXX object raymarched/OpenGL-frag/CMakeFiles/rmOpenGL-frag.dir/FracGen.cpp.o
[ 57%] Building CXX object raymarched/STDTHREADS/CMakeFiles/rmSTD_THREADS-db.dir/__/common/FracGenWindow.cpp.o
cd /var/lib/phoronix-test-suite/installed-tests/pts/toybrot-1.2.0/toyBrot-master/build/raymarched/TBB && /tmp/pts-compiler-mask-toybrot1.2.0/c++  -D"TB_USE_STDFS" -DTOYBROT_ENABLE_GUI -DTOYBROT_ENABLE_PNG -I/var/lib/phoronix-test-suite/installed-tests/pts/toybrot-1.2.0/toyBrot-master/raymarched/TBB -I/var/lib/phoronix-test-suite/installed-tests/pts/toybrot-1.2.0/toyBrot-master/raymarched/common -isystem /usr/include/SDL2  -O3 -DNDEBUG   -std=c++17 -o CMakeFiles/rmTBB.dir/__/common/pngWriter.cpp.o -c /var/lib/phoronix-test-suite/installed-tests/pts/toybrot-1.2.0/toyBrot-master/raymarched/common/pngWriter.cpp
cd /var/lib/phoronix-test-suite/installed-tests/pts/toybrot-1.2.0/toyBrot-master/build/raymarched/STDTHREADS-ptr && /tmp/pts-compiler-mask-toybrot1.2.0/c++  -D"TB_USE_STDFS" -DTOYBROT_ENABLE_GUI -DTOYBROT_ENABLE_PNG -DTOYBROT_USE_DOUBLES -I/var/lib/phoronix-test-suite/installed-tests/pts/toybrot-1.2.0/toyBrot-master/raymarched/STDTHREADS-ptr -I/var/lib/phoronix-test-suite/installed-tests/pts/toybrot-1.2.0/toyBrot-master/raymarched/common -isystem /usr/include/SDL2  -O3 -DNDEBUG   -std=c++17 -o CMakeFiles/rmSTD_THREADS-ptr-db.dir/__/common/FracGenWindow.cpp.o -c /var/lib/phoronix-test-suite/installed-tests/pts/toybrot-1.2.0/toyBrot-master/raymarched/common/FracGenWindow.cpp
[ 59%] Building CXX object raymarched/OpenCL/CMakeFiles/rmOpenCL.dir/__/common/FracGenWindow.cpp.o
[ 59%] Building CXX object raymarched/OpenGL-frag/CMakeFiles/rmOpenGL-frag-db.dir/main.cpp.o
[ 61%] Building CXX object raymarched/STDTHREADS/CMakeFiles/rmSTD_THREADS.dir/__/common/FracGenWindow.cpp.o
cd /var/lib/phoronix-test-suite/installed-tests/pts/toybrot-1.2.0/toyBrot-master/build/raymarched/STDTHREADS && /tmp/pts-compiler-mask-toybrot1.2.0/c++  -D"TB_USE_STDFS" -DTOYBROT_ENABLE_GUI -DTOYBROT_ENABLE_PNG -I/var/lib/phoronix-test-suite/installed-tests/pts/toybrot-1.2.0/toyBrot-master/raymarched/STDTHREADS -I/var/lib/phoronix-test-suite/installed-tests/pts/toybrot-1.2.0/toyBrot-master/raymarched/common -isystem /usr/include/SDL2  -O3 -DNDEBUG   -std=c++17 -o CMakeFiles/rmSTD_THREADS.dir/__/common/pngWriter.cpp.o -c /var/lib/phoronix-test-suite/installed-tests/pts/toybrot-1.2.0/toyBrot-master/raymarched/common/pngWriter.cpp
[ 61%] Building CXX object raymarched/OpenCL/CMakeFiles/rmOpenCL.dir/FracGen.cpp.o
cd /var/lib/phoronix-test-suite/installed-tests/pts/toybrot-1.2.0/toyBrot-master/build/raymarched/OpenGL && /tmp/pts-compiler-mask-toybrot1.2.0/c++  -D"TB_USE_STDFS" -DTB_OPENGL -DTB_VEC_GL_ALIGN -DTOYBROT_ENABLE_GUI -DTOYBROT_ENABLE_PNG -DTOYBROT_USE_DOUBLES -I/var/lib/phoronix-test-suite/installed-tests/pts/toybrot-1.2.0/toyBrot-master/raymarched/OpenGL -I/var/lib/phoronix-test-suite/installed-tests/pts/toybrot-1.2.0/toyBrot-master/raymarched/common -isystem /usr/include/SDL2  -O3 -DNDEBUG   -fexceptions -std=c++17 -o CMakeFiles/rmOpenGL-db.dir/__/common/FracGenWindow.cpp.o -c /var/lib/phoronix-test-suite/installed-tests/pts/toybrot-1.2.0/toyBrot-master/raymarched/common/FracGenWindow.cpp
[ 61%] Building CXX object raymarched/STDTASKS/CMakeFiles/rmSTD_TASKS-db.dir/FracGen.cpp.o
cd /var/lib/phoronix-test-suite/installed-tests/pts/toybrot-1.2.0/toyBrot-master/build/raymarched/OpenGL && /tmp/pts-compiler-mask-toybrot1.2.0/c++  -D"TB_USE_STDFS" -DTB_OPENGL -DTB_VEC_GL_ALIGN -DTOYBROT_ENABLE_GUI -DTOYBROT_ENABLE_PNG -DTOYBROT_USE_DOUBLES -I/var/lib/phoronix-test-suite/installed-tests/pts/toybrot-1.2.0/toyBrot-master/raymarched/OpenGL -I/var/lib/phoronix-test-suite/installed-tests/pts/toybrot-1.2.0/toyBrot-master/raymarched/common -isystem /usr/include/SDL2  -O3 -DNDEBUG   -fexceptions -std=c++17 -o CMakeFiles/rmOpenGL-db.dir/FracGen.cpp.o -c /var/lib/phoronix-test-suite/installed-tests/pts/toybrot-1.2.0/toyBrot-master/raymarched/OpenGL/FracGen.cpp
[ 62%] Building CXX object raymarched/OpenGL-frag/CMakeFiles/rmOpenGL-frag-db.dir/__/common/FracGenWindow.cpp.o
cd /var/lib/phoronix-test-suite/installed-tests/pts/toybrot-1.2.0/toyBrot-master/build/raymarched/OpenGL && /tmp/pts-compiler-mask-toybrot1.2.0/c++  -D"TB_USE_STDFS" -DTB_OPENGL -DTB_VEC_GL_ALIGN -DTOYBROT_ENABLE_GUI -DTOYBROT_ENABLE_PNG -I/var/lib/phoronix-test-suite/installed-tests/pts/toybrot-1.2.0/toyBrot-master/raymarched/OpenGL -I/var/lib/phoronix-test-suite/installed-tests/pts/toybrot-1.2.0/toyBrot-master/raymarched/common -isystem /usr/include/SDL2  -O3 -DNDEBUG   -fexceptions -std=c++17 -o CMakeFiles/rmOpenGL.dir/FracGen.cpp.o -c /var/lib/phoronix-test-suite/installed-tests/pts/toybrot-1.2.0/toyBrot-master/raymarched/OpenGL/FracGen.cpp
[ 63%] Building CXX object raymarched/OpenGL-frag/CMakeFiles/rmOpenGL-frag-db.dir/__/common/pngWriter.cpp.o
cd /var/lib/phoronix-test-suite/installed-tests/pts/toybrot-1.2.0/toyBrot-master/build/raymarched/OpenGL-frag && /tmp/pts-compiler-mask-toybrot1.2.0/c++  -D"TB_USE_STDFS" -DTB_OPENGL -DTB_VEC_GL_ALIGN -DTB_WEBGL_COMPAT -DTOYBROT_ENABLE_GUI -DTOYBROT_ENABLE_PNG -I/var/lib/phoronix-test-suite/installed-tests/pts/toybrot-1.2.0/toyBrot-master/raymarched/OpenGL-frag -I/var/lib/phoronix-test-suite/installed-tests/pts/toybrot-1.2.0/toyBrot-master/raymarched/common -isystem /usr/include/SDL2  -O3 -DNDEBUG   -fexceptions -std=c++17 -o CMakeFiles/rmOpenGL-frag.dir/__/common/pngWriter.cpp.o -c /var/lib/phoronix-test-suite/installed-tests/pts/toybrot-1.2.0/toyBrot-master/raymarched/common/pngWriter.cpp
cd /var/lib/phoronix-test-suite/installed-tests/pts/toybrot-1.2.0/toyBrot-master/build/raymarched/OpenCL && /tmp/pts-compiler-mask-toybrot1.2.0/c++  -D"TB_USE_STDFS" -DTB_VEC_GL_ALIGN -DTOYBROT_ENABLE_GUI -DTOYBROT_ENABLE_PNG -I/var/lib/phoronix-test-suite/installed-tests/pts/toybrot-1.2.0/toyBrot-master/raymarched/OpenCL -I/var/lib/phoronix-test-suite/installed-tests/pts/toybrot-1.2.0/toyBrot-master/raymarched/common -isystem /usr/include/SDL2  -O3 -DNDEBUG   -fexceptions -std=c++17 -o CMakeFiles/rmOpenCL.dir/main.cpp.o -c /var/lib/phoronix-test-suite/installed-tests/pts/toybrot-1.2.0/toyBrot-master/raymarched/OpenCL/main.cpp
cd /var/lib/phoronix-test-suite/installed-tests/pts/toybrot-1.2.0/toyBrot-master/build/raymarched/OMP && /tmp/pts-compiler-mask-toybrot1.2.0/c++  -D"TB_USE_STDFS" -DTOYBROT_ENABLE_GUI -DTOYBROT_ENABLE_PNG -DTOYBROT_USE_DOUBLES -I/var/lib/phoronix-test-suite/installed-tests/pts/toybrot-1.2.0/toyBrot-master/raymarched/OMP -I/var/lib/phoronix-test-suite/installed-tests/pts/toybrot-1.2.0/toyBrot-master/raymarched/common -isystem /usr/include/SDL2  -O3 -DNDEBUG -fPIE   -fopenmp -std=c++17 -o CMakeFiles/rmOpenMP-db.dir/main.cpp.o -c /var/lib/phoronix-test-suite/installed-tests/pts/toybrot-1.2.0/toyBrot-master/raymarched/OMP/main.cpp
cd /var/lib/phoronix-test-suite/installed-tests/pts/toybrot-1.2.0/toyBrot-master/build/raymarched/OMP && /tmp/pts-compiler-mask-toybrot1.2.0/c++  -D"TB_USE_STDFS" -DTOYBROT_ENABLE_GUI -DTOYBROT_ENABLE_PNG -I/var/lib/phoronix-test-suite/installed-tests/pts/toybrot-1.2.0/toyBrot-master/raymarched/OMP -I/var/lib/phoronix-test-suite/installed-tests/pts/toybrot-1.2.0/toyBrot-master/raymarched/common -isystem /usr/include/SDL2  -O3 -DNDEBUG -fPIE   -fopenmp -std=c++17 -o CMakeFiles/rmOpenMP.dir/FracGen.cpp.o -c /var/lib/phoronix-test-suite/installed-tests/pts/toybrot-1.2.0/toyBrot-master/raymarched/OMP/FracGen.cpp
cd /var/lib/phoronix-test-suite/installed-tests/pts/toybrot-1.2.0/toyBrot-master/build/raymarched/OMP && /tmp/pts-compiler-mask-toybrot1.2.0/c++  -D"TB_USE_STDFS" -DTOYBROT_ENABLE_GUI -DTOYBROT_ENABLE_PNG -DTOYBROT_USE_DOUBLES -I/var/lib/phoronix-test-suite/installed-tests/pts/toybrot-1.2.0/toyBrot-master/raymarched/OMP -I/var/lib/phoronix-test-suite/installed-tests/pts/toybrot-1.2.0/toyBrot-master/raymarched/common -isystem /usr/include/SDL2  -O3 -DNDEBUG -fPIE   -fopenmp -std=c++17 -o CMakeFiles/rmOpenMP-db.dir/FracGen.cpp.o -c /var/lib/phoronix-test-suite/installed-tests/pts/toybrot-1.2.0/toyBrot-master/raymarched/OMP/FracGen.cpp
[ 64%] Building CXX object raymarched/TBB/CMakeFiles/rmTBB-db.dir/FracGen.cpp.o
[ 65%] Building CXX object raymarched/OpenCL/CMakeFiles/rmOpenCL-db.dir/__/common/pngWriter.cpp.o
[ 66%] Building CXX object raymarched/OpenGL/CMakeFiles/rmOpenGL-db.dir/main.cpp.o
cd /var/lib/phoronix-test-suite/installed-tests/pts/toybrot-1.2.0/toyBrot-master/build/raymarched/STDTHREADS && /tmp/pts-compiler-mask-toybrot1.2.0/c++  -D"TB_USE_STDFS" -DTOYBROT_ENABLE_GUI -DTOYBROT_ENABLE_PNG -I/var/lib/phoronix-test-suite/installed-tests/pts/toybrot-1.2.0/toyBrot-master/raymarched/STDTHREADS -I/var/lib/phoronix-test-suite/installed-tests/pts/toybrot-1.2.0/toyBrot-master/raymarched/common -isystem /usr/include/SDL2  -O3 -DNDEBUG   -std=c++17 -o CMakeFiles/rmSTD_THREADS.dir/__/common/FracGenWindow.cpp.o -c /var/lib/phoronix-test-suite/installed-tests/pts/toybrot-1.2.0/toyBrot-master/raymarched/common/FracGenWindow.cpp
cd /var/lib/phoronix-test-suite/installed-tests/pts/toybrot-1.2.0/toyBrot-master/build/raymarched/OpenGL-frag && /tmp/pts-compiler-mask-toybrot1.2.0/c++  -D"TB_USE_STDFS" -DTB_OPENGL -DTB_VEC_GL_ALIGN -DTB_WEBGL_COMPAT -DTOYBROT_ENABLE_GUI -DTOYBROT_ENABLE_PNG -I/var/lib/phoronix-test-suite/installed-tests/pts/toybrot-1.2.0/toyBrot-master/raymarched/OpenGL-frag -I/var/lib/phoronix-test-suite/installed-tests/pts/toybrot-1.2.0/toyBrot-master/raymarched/common -isystem /usr/include/SDL2  -O3 -DNDEBUG   -fexceptions -std=c++17 -o CMakeFiles/rmOpenGL-frag.dir/FracGen.cpp.o -c /var/lib/phoronix-test-suite/installed-tests/pts/toybrot-1.2.0/toyBrot-master/raymarched/OpenGL-frag/FracGen.cpp
cd /var/lib/phoronix-test-suite/installed-tests/pts/toybrot-1.2.0/toyBrot-master/build/raymarched/OpenCL && /tmp/pts-compiler-mask-toybrot1.2.0/c++  -D"TB_USE_STDFS" -DTB_VEC_GL_ALIGN -DTOYBROT_ENABLE_GUI -DTOYBROT_ENABLE_PNG -I/var/lib/phoronix-test-suite/installed-tests/pts/toybrot-1.2.0/toyBrot-master/raymarched/OpenCL -I/var/lib/phoronix-test-suite/installed-tests/pts/toybrot-1.2.0/toyBrot-master/raymarched/common -isystem /usr/include/SDL2  -O3 -DNDEBUG   -fexceptions -std=c++17 -o CMakeFiles/rmOpenCL.dir/__/common/FracGenWindow.cpp.o -c /var/lib/phoronix-test-suite/installed-tests/pts/toybrot-1.2.0/toyBrot-master/raymarched/common/FracGenWindow.cpp
cd /var/lib/phoronix-test-suite/installed-tests/pts/toybrot-1.2.0/toyBrot-master/build/raymarched/STDTHREADS && /tmp/pts-compiler-mask-toybrot1.2.0/c++  -D"TB_USE_STDFS" -DTOYBROT_ENABLE_GUI -DTOYBROT_ENABLE_PNG -DTOYBROT_USE_DOUBLES -I/var/lib/phoronix-test-suite/installed-tests/pts/toybrot-1.2.0/toyBrot-master/raymarched/STDTHREADS -I/var/lib/phoronix-test-suite/installed-tests/pts/toybrot-1.2.0/toyBrot-master/raymarched/common -isystem /usr/include/SDL2  -O3 -DNDEBUG   -std=c++17 -o CMakeFiles/rmSTD_THREADS-db.dir/__/common/FracGenWindow.cpp.o -c /var/lib/phoronix-test-suite/installed-tests/pts/toybrot-1.2.0/toyBrot-master/raymarched/common/FracGenWindow.cpp
cd /var/lib/phoronix-test-suite/installed-tests/pts/toybrot-1.2.0/toyBrot-master/build/raymarched/OpenGL-frag && /tmp/pts-compiler-mask-toybrot1.2.0/c++  -D"TB_USE_STDFS" -DTB_OPENGL -DTB_VEC_GL_ALIGN -DTB_WEBGL_COMPAT -DTOYBROT_ENABLE_GUI -DTOYBROT_ENABLE_PNG -DTOYBROT_USE_DOUBLES -I/var/lib/phoronix-test-suite/installed-tests/pts/toybrot-1.2.0/toyBrot-master/raymarched/OpenGL-frag -I/var/lib/phoronix-test-suite/installed-tests/pts/toybrot-1.2.0/toyBrot-master/raymarched/common -isystem /usr/include/SDL2  -O3 -DNDEBUG   -fexceptions -std=c++17 -o CMakeFiles/rmOpenGL-frag-db.dir/main.cpp.o -c /var/lib/phoronix-test-suite/installed-tests/pts/toybrot-1.2.0/toyBrot-master/raymarched/OpenGL-frag/main.cpp
[ 67%] Building CXX object raymarched/TBB/CMakeFiles/rmTBB-db.dir/main.cpp.o
cd /var/lib/phoronix-test-suite/installed-tests/pts/toybrot-1.2.0/toyBrot-master/build/raymarched/OpenCL && /tmp/pts-compiler-mask-toybrot1.2.0/c++  -D"TB_USE_STDFS" -DTB_VEC_GL_ALIGN -DTOYBROT_ENABLE_GUI -DTOYBROT_ENABLE_PNG -I/var/lib/phoronix-test-suite/installed-tests/pts/toybrot-1.2.0/toyBrot-master/raymarched/OpenCL -I/var/lib/phoronix-test-suite/installed-tests/pts/toybrot-1.2.0/toyBrot-master/raymarched/common -isystem /usr/include/SDL2  -O3 -DNDEBUG   -fexceptions -std=c++17 -o CMakeFiles/rmOpenCL.dir/FracGen.cpp.o -c /var/lib/phoronix-test-suite/installed-tests/pts/toybrot-1.2.0/toyBrot-master/raymarched/OpenCL/FracGen.cpp
cd /var/lib/phoronix-test-suite/installed-tests/pts/toybrot-1.2.0/toyBrot-master/build/raymarched/STDTASKS && /tmp/pts-compiler-mask-toybrot1.2.0/c++  -D"TB_USE_STDFS" -DTOYBROT_ENABLE_GUI -DTOYBROT_ENABLE_PNG -DTOYBROT_USE_DOUBLES -I/var/lib/phoronix-test-suite/installed-tests/pts/toybrot-1.2.0/toyBrot-master/raymarched/STDTASKS -I/var/lib/phoronix-test-suite/installed-tests/pts/toybrot-1.2.0/toyBrot-master/raymarched/common -isystem /usr/include/SDL2  -O3 -DNDEBUG   -std=c++17 -o CMakeFiles/rmSTD_TASKS-db.dir/FracGen.cpp.o -c /var/lib/phoronix-test-suite/installed-tests/pts/toybrot-1.2.0/toyBrot-master/raymarched/STDTASKS/FracGen.cpp
cd /var/lib/phoronix-test-suite/installed-tests/pts/toybrot-1.2.0/toyBrot-master/build/raymarched/OpenGL-frag && /tmp/pts-compiler-mask-toybrot1.2.0/c++  -D"TB_USE_STDFS" -DTB_OPENGL -DTB_VEC_GL_ALIGN -DTB_WEBGL_COMPAT -DTOYBROT_ENABLE_GUI -DTOYBROT_ENABLE_PNG -DTOYBROT_USE_DOUBLES -I/var/lib/phoronix-test-suite/installed-tests/pts/toybrot-1.2.0/toyBrot-master/raymarched/OpenGL-frag -I/var/lib/phoronix-test-suite/installed-tests/pts/toybrot-1.2.0/toyBrot-master/raymarched/common -isystem /usr/include/SDL2  -O3 -DNDEBUG   -fexceptions -std=c++17 -o CMakeFiles/rmOpenGL-frag-db.dir/__/common/FracGenWindow.cpp.o -c /var/lib/phoronix-test-suite/installed-tests/pts/toybrot-1.2.0/toyBrot-master/raymarched/common/FracGenWindow.cpp
cd /var/lib/phoronix-test-suite/installed-tests/pts/toybrot-1.2.0/toyBrot-master/build/raymarched/OpenGL-frag && /tmp/pts-compiler-mask-toybrot1.2.0/c++  -D"TB_USE_STDFS" -DTB_OPENGL -DTB_VEC_GL_ALIGN -DTB_WEBGL_COMPAT -DTOYBROT_ENABLE_GUI -DTOYBROT_ENABLE_PNG -DTOYBROT_USE_DOUBLES -I/var/lib/phoronix-test-suite/installed-tests/pts/toybrot-1.2.0/toyBrot-master/raymarched/OpenGL-frag -I/var/lib/phoronix-test-suite/installed-tests/pts/toybrot-1.2.0/toyBrot-master/raymarched/common -isystem /usr/include/SDL2  -O3 -DNDEBUG   -fexceptions -std=c++17 -o CMakeFiles/rmOpenGL-frag-db.dir/__/common/pngWriter.cpp.o -c /var/lib/phoronix-test-suite/installed-tests/pts/toybrot-1.2.0/toyBrot-master/raymarched/common/pngWriter.cpp
cd /var/lib/phoronix-test-suite/installed-tests/pts/toybrot-1.2.0/toyBrot-master/build/raymarched/TBB && /tmp/pts-compiler-mask-toybrot1.2.0/c++  -D"TB_USE_STDFS" -DTOYBROT_ENABLE_GUI -DTOYBROT_ENABLE_PNG -DTOYBROT_USE_DOUBLES -I/var/lib/phoronix-test-suite/installed-tests/pts/toybrot-1.2.0/toyBrot-master/raymarched/TBB -I/var/lib/phoronix-test-suite/installed-tests/pts/toybrot-1.2.0/toyBrot-master/raymarched/common -isystem /usr/include/SDL2  -O3 -DNDEBUG   -std=c++17 -o CMakeFiles/rmTBB-db.dir/FracGen.cpp.o -c /var/lib/phoronix-test-suite/installed-tests/pts/toybrot-1.2.0/toyBrot-master/raymarched/TBB/FracGen.cpp
cd /var/lib/phoronix-test-suite/installed-tests/pts/toybrot-1.2.0/toyBrot-master/build/raymarched/OpenGL && /tmp/pts-compiler-mask-toybrot1.2.0/c++  -D"TB_USE_STDFS" -DTB_OPENGL -DTB_VEC_GL_ALIGN -DTOYBROT_ENABLE_GUI -DTOYBROT_ENABLE_PNG -DTOYBROT_USE_DOUBLES -I/var/lib/phoronix-test-suite/installed-tests/pts/toybrot-1.2.0/toyBrot-master/raymarched/OpenGL -I/var/lib/phoronix-test-suite/installed-tests/pts/toybrot-1.2.0/toyBrot-master/raymarched/common -isystem /usr/include/SDL2  -O3 -DNDEBUG   -fexceptions -std=c++17 -o CMakeFiles/rmOpenGL-db.dir/main.cpp.o -c /var/lib/phoronix-test-suite/installed-tests/pts/toybrot-1.2.0/toyBrot-master/raymarched/OpenGL/main.cpp
cd /var/lib/phoronix-test-suite/installed-tests/pts/toybrot-1.2.0/toyBrot-master/build/raymarched/OpenCL && /tmp/pts-compiler-mask-toybrot1.2.0/c++  -D"TB_USE_STDFS" -DTB_VEC_GL_ALIGN -DTOYBROT_ENABLE_GUI -DTOYBROT_ENABLE_PNG -DTOYBROT_USE_DOUBLES -I/var/lib/phoronix-test-suite/installed-tests/pts/toybrot-1.2.0/toyBrot-master/raymarched/OpenCL -I/var/lib/phoronix-test-suite/installed-tests/pts/toybrot-1.2.0/toyBrot-master/raymarched/common -isystem /usr/include/SDL2  -O3 -DNDEBUG   -fexceptions -std=c++17 -o CMakeFiles/rmOpenCL-db.dir/__/common/pngWriter.cpp.o -c /var/lib/phoronix-test-suite/installed-tests/pts/toybrot-1.2.0/toyBrot-master/raymarched/common/pngWriter.cpp
[ 68%] Building CXX object raymarched/OpenGL/CMakeFiles/rmOpenGL.dir/__/common/FracGenWindow.cpp.o
cd /var/lib/phoronix-test-suite/installed-tests/pts/toybrot-1.2.0/toyBrot-master/build/raymarched/TBB && /tmp/pts-compiler-mask-toybrot1.2.0/c++  -D"TB_USE_STDFS" -DTOYBROT_ENABLE_GUI -DTOYBROT_ENABLE_PNG -DTOYBROT_USE_DOUBLES -I/var/lib/phoronix-test-suite/installed-tests/pts/toybrot-1.2.0/toyBrot-master/raymarched/TBB -I/var/lib/phoronix-test-suite/installed-tests/pts/toybrot-1.2.0/toyBrot-master/raymarched/common -isystem /usr/include/SDL2  -O3 -DNDEBUG   -std=c++17 -o CMakeFiles/rmTBB-db.dir/main.cpp.o -c /var/lib/phoronix-test-suite/installed-tests/pts/toybrot-1.2.0/toyBrot-master/raymarched/TBB/main.cpp
cd /var/lib/phoronix-test-suite/installed-tests/pts/toybrot-1.2.0/toyBrot-master/build/raymarched/OpenGL && /tmp/pts-compiler-mask-toybrot1.2.0/c++  -D"TB_USE_STDFS" -DTB_OPENGL -DTB_VEC_GL_ALIGN -DTOYBROT_ENABLE_GUI -DTOYBROT_ENABLE_PNG -I/var/lib/phoronix-test-suite/installed-tests/pts/toybrot-1.2.0/toyBrot-master/raymarched/OpenGL -I/var/lib/phoronix-test-suite/installed-tests/pts/toybrot-1.2.0/toyBrot-master/raymarched/common -isystem /usr/include/SDL2  -O3 -DNDEBUG   -fexceptions -std=c++17 -o CMakeFiles/rmOpenGL.dir/__/common/FracGenWindow.cpp.o -c /var/lib/phoronix-test-suite/installed-tests/pts/toybrot-1.2.0/toyBrot-master/raymarched/common/FracGenWindow.cpp
FracGen.comp.hlsl
FracGen.comp.hlsl
/var/lib/phoronix-test-suite/installed-tests/pts/toybrot-1.2.0/toyBrot-master/raymarched/Vulkan/../OpenGL/FracGen.comp.glsl
WARNING: /var/lib/phoronix-test-suite/installed-tests/pts/toybrot-1.2.0/toyBrot-master/raymarched/Vulkan/../OpenGL/FracGen.comp.glsl:5: '#extension' : extension not supported: GL_EXT_debug_printf

cd /var/lib/phoronix-test-suite/installed-tests/pts/toybrot-1.2.0/toyBrot-master/build && /usr/bin/cmake -E cmake_depends "Unix Makefiles" /var/lib/phoronix-test-suite/installed-tests/pts/toybrot-1.2.0/toyBrot-master /var/lib/phoronix-test-suite/installed-tests/pts/toybrot-1.2.0/toyBrot-master/raymarched/Vulkan /var/lib/phoronix-test-suite/installed-tests/pts/toybrot-1.2.0/toyBrot-master/build /var/lib/phoronix-test-suite/installed-tests/pts/toybrot-1.2.0/toyBrot-master/build/raymarched/Vulkan /var/lib/phoronix-test-suite/installed-tests/pts/toybrot-1.2.0/toyBrot-master/build/raymarched/Vulkan/CMakeFiles/rmVulkan-db.dir/DependInfo.cmake --color=
Scanning dependencies of target rmVulkan-db
make[2]: Leaving directory '/var/lib/phoronix-test-suite/installed-tests/pts/toybrot-1.2.0/toyBrot-master/build'
make -f raymarched/Vulkan/CMakeFiles/rmVulkan-db.dir/build.make raymarched/Vulkan/CMakeFiles/rmVulkan-db.dir/build
make[2]: Entering directory '/var/lib/phoronix-test-suite/installed-tests/pts/toybrot-1.2.0/toyBrot-master/build'
[ 70%] Building CXX object raymarched/Vulkan/CMakeFiles/rmVulkan-db.dir/main.cpp.o
[ 70%] Building CXX object raymarched/Vulkan/CMakeFiles/rmVulkan-db.dir/FracGen.cpp.o
cd /var/lib/phoronix-test-suite/installed-tests/pts/toybrot-1.2.0/toyBrot-master/build/raymarched/Vulkan && /tmp/pts-compiler-mask-toybrot1.2.0/c++  -DTB_VEC_GL_ALIGN -DTOYBROT_ENABLE_GUI -DTOYBROT_ENABLE_PNG -DTOYBROT_USE_DOUBLES -I/var/lib/phoronix-test-suite/installed-tests/pts/toybrot-1.2.0/toyBrot-master/raymarched/Vulkan -I/var/lib/phoronix-test-suite/installed-tests/pts/toybrot-1.2.0/toyBrot-master/raymarched/common -isystem /usr/include/SDL2  -O3 -DNDEBUG   -std=c++17 -o CMakeFiles/rmVulkan-db.dir/FracGen.cpp.o -c /var/lib/phoronix-test-suite/installed-tests/pts/toybrot-1.2.0/toyBrot-master/raymarched/Vulkan/FracGen.cpp
cd /var/lib/phoronix-test-suite/installed-tests/pts/toybrot-1.2.0/toyBrot-master/build/raymarched/Vulkan && /tmp/pts-compiler-mask-toybrot1.2.0/c++  -DTB_VEC_GL_ALIGN -DTOYBROT_ENABLE_GUI -DTOYBROT_ENABLE_PNG -DTOYBROT_USE_DOUBLES -I/var/lib/phoronix-test-suite/installed-tests/pts/toybrot-1.2.0/toyBrot-master/raymarched/Vulkan -I/var/lib/phoronix-test-suite/installed-tests/pts/toybrot-1.2.0/toyBrot-master/raymarched/common -isystem /usr/include/SDL2  -O3 -DNDEBUG   -std=c++17 -o CMakeFiles/rmVulkan-db.dir/main.cpp.o -c /var/lib/phoronix-test-suite/installed-tests/pts/toybrot-1.2.0/toyBrot-master/raymarched/Vulkan/main.cpp
[ 71%] Building CXX object raymarched/Vulkan/CMakeFiles/rmVulkan-db.dir/__/common/FracGenWindow.cpp.o
cd /var/lib/phoronix-test-suite/installed-tests/pts/toybrot-1.2.0/toyBrot-master/build/raymarched/Vulkan && /tmp/pts-compiler-mask-toybrot1.2.0/c++  -DTB_VEC_GL_ALIGN -DTOYBROT_ENABLE_GUI -DTOYBROT_ENABLE_PNG -DTOYBROT_USE_DOUBLES -I/var/lib/phoronix-test-suite/installed-tests/pts/toybrot-1.2.0/toyBrot-master/raymarched/Vulkan -I/var/lib/phoronix-test-suite/installed-tests/pts/toybrot-1.2.0/toyBrot-master/raymarched/common -isystem /usr/include/SDL2  -O3 -DNDEBUG   -std=c++17 -o CMakeFiles/rmVulkan-db.dir/__/common/FracGenWindow.cpp.o -c /var/lib/phoronix-test-suite/installed-tests/pts/toybrot-1.2.0/toyBrot-master/raymarched/common/FracGenWindow.cpp
/var/lib/phoronix-test-suite/installed-tests/pts/toybrot-1.2.0/toyBrot-master/raymarched/Vulkan/../OpenGL/FracGen.comp.glsl
WARNING: /var/lib/phoronix-test-suite/installed-tests/pts/toybrot-1.2.0/toyBrot-master/raymarched/Vulkan/../OpenGL/FracGen.comp.glsl:5: '#extension' : extension not supported: GL_EXT_debug_printf

[ 72%] Building CXX object raymarched/Vulkan/CMakeFiles/rmVulkan-db.dir/__/common/pngWriter.cpp.o
cd /var/lib/phoronix-test-suite/installed-tests/pts/toybrot-1.2.0/toyBrot-master/build/raymarched/Vulkan && /tmp/pts-compiler-mask-toybrot1.2.0/c++  -DTB_VEC_GL_ALIGN -DTOYBROT_ENABLE_GUI -DTOYBROT_ENABLE_PNG -DTOYBROT_USE_DOUBLES -I/var/lib/phoronix-test-suite/installed-tests/pts/toybrot-1.2.0/toyBrot-master/raymarched/Vulkan -I/var/lib/phoronix-test-suite/installed-tests/pts/toybrot-1.2.0/toyBrot-master/raymarched/common -isystem /usr/include/SDL2  -O3 -DNDEBUG   -std=c++17 -o CMakeFiles/rmVulkan-db.dir/__/common/pngWriter.cpp.o -c /var/lib/phoronix-test-suite/installed-tests/pts/toybrot-1.2.0/toyBrot-master/raymarched/common/pngWriter.cpp
cd /var/lib/phoronix-test-suite/installed-tests/pts/toybrot-1.2.0/toyBrot-master/build && /usr/bin/cmake -E cmake_depends "Unix Makefiles" /var/lib/phoronix-test-suite/installed-tests/pts/toybrot-1.2.0/toyBrot-master /var/lib/phoronix-test-suite/installed-tests/pts/toybrot-1.2.0/toyBrot-master/raymarched/Vulkan /var/lib/phoronix-test-suite/installed-tests/pts/toybrot-1.2.0/toyBrot-master/build /var/lib/phoronix-test-suite/installed-tests/pts/toybrot-1.2.0/toyBrot-master/build/raymarched/Vulkan /var/lib/phoronix-test-suite/installed-tests/pts/toybrot-1.2.0/toyBrot-master/build/raymarched/Vulkan/CMakeFiles/rmVulkan.dir/DependInfo.cmake --color=
Scanning dependencies of target rmVulkan
make[2]: Leaving directory '/var/lib/phoronix-test-suite/installed-tests/pts/toybrot-1.2.0/toyBrot-master/build'
make -f raymarched/Vulkan/CMakeFiles/rmVulkan.dir/build.make raymarched/Vulkan/CMakeFiles/rmVulkan.dir/build
make[2]: Entering directory '/var/lib/phoronix-test-suite/installed-tests/pts/toybrot-1.2.0/toyBrot-master/build'
[ 75%] Building CXX object raymarched/Vulkan/CMakeFiles/rmVulkan.dir/main.cpp.o
[ 75%] Building CXX object raymarched/Vulkan/CMakeFiles/rmVulkan.dir/__/common/FracGenWindow.cpp.o
[ 75%] Building CXX object raymarched/Vulkan/CMakeFiles/rmVulkan.dir/FracGen.cpp.o
cd /var/lib/phoronix-test-suite/installed-tests/pts/toybrot-1.2.0/toyBrot-master/build/raymarched/Vulkan && /tmp/pts-compiler-mask-toybrot1.2.0/c++  -DTB_VEC_GL_ALIGN -DTOYBROT_ENABLE_GUI -DTOYBROT_ENABLE_PNG -I/var/lib/phoronix-test-suite/installed-tests/pts/toybrot-1.2.0/toyBrot-master/raymarched/Vulkan -I/var/lib/phoronix-test-suite/installed-tests/pts/toybrot-1.2.0/toyBrot-master/raymarched/common -isystem /usr/include/SDL2  -O3 -DNDEBUG   -fexceptions -std=c++17 -o CMakeFiles/rmVulkan.dir/__/common/FracGenWindow.cpp.o -c /var/lib/phoronix-test-suite/installed-tests/pts/toybrot-1.2.0/toyBrot-master/raymarched/common/FracGenWindow.cpp
cd /var/lib/phoronix-test-suite/installed-tests/pts/toybrot-1.2.0/toyBrot-master/build/raymarched/Vulkan && /tmp/pts-compiler-mask-toybrot1.2.0/c++  -DTB_VEC_GL_ALIGN -DTOYBROT_ENABLE_GUI -DTOYBROT_ENABLE_PNG -I/var/lib/phoronix-test-suite/installed-tests/pts/toybrot-1.2.0/toyBrot-master/raymarched/Vulkan -I/var/lib/phoronix-test-suite/installed-tests/pts/toybrot-1.2.0/toyBrot-master/raymarched/common -isystem /usr/include/SDL2  -O3 -DNDEBUG   -fexceptions -std=c++17 -o CMakeFiles/rmVulkan.dir/main.cpp.o -c /var/lib/phoronix-test-suite/installed-tests/pts/toybrot-1.2.0/toyBrot-master/raymarched/Vulkan/main.cpp
cd /var/lib/phoronix-test-suite/installed-tests/pts/toybrot-1.2.0/toyBrot-master/build/raymarched/Vulkan && /tmp/pts-compiler-mask-toybrot1.2.0/c++  -DTB_VEC_GL_ALIGN -DTOYBROT_ENABLE_GUI -DTOYBROT_ENABLE_PNG -I/var/lib/phoronix-test-suite/installed-tests/pts/toybrot-1.2.0/toyBrot-master/raymarched/Vulkan -I/var/lib/phoronix-test-suite/installed-tests/pts/toybrot-1.2.0/toyBrot-master/raymarched/common -isystem /usr/include/SDL2  -O3 -DNDEBUG   -fexceptions -std=c++17 -o CMakeFiles/rmVulkan.dir/FracGen.cpp.o -c /var/lib/phoronix-test-suite/installed-tests/pts/toybrot-1.2.0/toyBrot-master/raymarched/Vulkan/FracGen.cpp
[ 76%] Building CXX object raymarched/Vulkan/CMakeFiles/rmVulkan.dir/__/common/pngWriter.cpp.o
cd /var/lib/phoronix-test-suite/installed-tests/pts/toybrot-1.2.0/toyBrot-master/build/raymarched/Vulkan && /tmp/pts-compiler-mask-toybrot1.2.0/c++  -DTB_VEC_GL_ALIGN -DTOYBROT_ENABLE_GUI -DTOYBROT_ENABLE_PNG -I/var/lib/phoronix-test-suite/installed-tests/pts/toybrot-1.2.0/toyBrot-master/raymarched/Vulkan -I/var/lib/phoronix-test-suite/installed-tests/pts/toybrot-1.2.0/toyBrot-master/raymarched/common -isystem /usr/include/SDL2  -O3 -DNDEBUG   -fexceptions -std=c++17 -o CMakeFiles/rmVulkan.dir/__/common/pngWriter.cpp.o -c /var/lib/phoronix-test-suite/installed-tests/pts/toybrot-1.2.0/toyBrot-master/raymarched/common/pngWriter.cpp
/var/lib/phoronix-test-suite/installed-tests/pts/toybrot-1.2.0/toyBrot-master/raymarched/OMP/FracGen-parallel-omp.cpp: In function FracGen::traceRegion(std::vector<Vec4<double>, std::allocator<Vec4<double> > >&, Camera<double> const&, unsigned int, unsigned int) const [clone ._omp_fn.0] [clone .kernel.0]:
cc1plus: warning: could not emit HSAIL for the function [-Whsa]
/var/lib/phoronix-test-suite/installed-tests/pts/toybrot-1.2.0/toyBrot-master/raymarched/OMP/FracGen-parallel-omp.cpp:292:42: note: HSA supports only calls of functions marked with pragma omp declare target
  292 |         ptr[i] = FracGen::getColour(trace(cam, i%cam.ScreenWidth(), i/cam.ScreenWidth()));
      |                                     ~~~~~^~~~~~~~~~~~~~~~~~~~~~~~~~~~~~~~~~~~~~~~~~~~~~~
cd /var/lib/phoronix-test-suite/installed-tests/pts/toybrot-1.2.0/toyBrot-master/build && /usr/bin/cmake -E cmake_depends "Unix Makefiles" /var/lib/phoronix-test-suite/installed-tests/pts/toybrot-1.2.0/toyBrot-master /var/lib/phoronix-test-suite/installed-tests/pts/toybrot-1.2.0/toyBrot-master/raymarched/OMP /var/lib/phoronix-test-suite/installed-tests/pts/toybrot-1.2.0/toyBrot-master/build /var/lib/phoronix-test-suite/installed-tests/pts/toybrot-1.2.0/toyBrot-master/build/raymarched/OMP /var/lib/phoronix-test-suite/installed-tests/pts/toybrot-1.2.0/toyBrot-master/build/raymarched/OMP/CMakeFiles/rmOpenMP-dist-db.dir/DependInfo.cmake --color=
Scanning dependencies of target rmOpenMP-dist-db
make[2]: Leaving directory '/var/lib/phoronix-test-suite/installed-tests/pts/toybrot-1.2.0/toyBrot-master/build'
make -f raymarched/OMP/CMakeFiles/rmOpenMP-dist-db.dir/build.make raymarched/OMP/CMakeFiles/rmOpenMP-dist-db.dir/build
make[2]: Entering directory '/var/lib/phoronix-test-suite/installed-tests/pts/toybrot-1.2.0/toyBrot-master/build'
[ 78%] Building CXX object raymarched/OMP/CMakeFiles/rmOpenMP-dist-db.dir/__/common/pngWriter.cpp.o
[ 78%] Building CXX object raymarched/OMP/CMakeFiles/rmOpenMP-dist-db.dir/FracGen-parallel.cpp.o
[ 78%] Building CXX object raymarched/OMP/CMakeFiles/rmOpenMP-dist-db.dir/__/common/FracGenWindow.cpp.o
[ 79%] Building CXX object raymarched/OMP/CMakeFiles/rmOpenMP-dist-db.dir/main.cpp.o
cd /var/lib/phoronix-test-suite/installed-tests/pts/toybrot-1.2.0/toyBrot-master/build/raymarched/OMP && /tmp/pts-compiler-mask-toybrot1.2.0/c++  -D"TB_USE_STDFS" -DTOYBROT_ENABLE_GUI -DTOYBROT_ENABLE_PNG -DTOYBROT_OPENMP_DIST -DTOYBROT_USE_DOUBLES -I/var/lib/phoronix-test-suite/installed-tests/pts/toybrot-1.2.0/toyBrot-master/raymarched/OMP -I/var/lib/phoronix-test-suite/installed-tests/pts/toybrot-1.2.0/toyBrot-master/raymarched/common -isystem /usr/include/SDL2  -O3 -DNDEBUG -fPIE   -fopenmp -std=c++17 -o CMakeFiles/rmOpenMP-dist-db.dir/__/common/FracGenWindow.cpp.o -c /var/lib/phoronix-test-suite/installed-tests/pts/toybrot-1.2.0/toyBrot-master/raymarched/common/FracGenWindow.cpp
cd /var/lib/phoronix-test-suite/installed-tests/pts/toybrot-1.2.0/toyBrot-master/build/raymarched/OMP && /tmp/pts-compiler-mask-toybrot1.2.0/c++  -D"TB_USE_STDFS" -DTOYBROT_ENABLE_GUI -DTOYBROT_ENABLE_PNG -DTOYBROT_OPENMP_DIST -DTOYBROT_USE_DOUBLES -I/var/lib/phoronix-test-suite/installed-tests/pts/toybrot-1.2.0/toyBrot-master/raymarched/OMP -I/var/lib/phoronix-test-suite/installed-tests/pts/toybrot-1.2.0/toyBrot-master/raymarched/common -isystem /usr/include/SDL2  -O3 -DNDEBUG -fPIE   -fopenmp -std=c++17 -o CMakeFiles/rmOpenMP-dist-db.dir/FracGen-parallel.cpp.o -c /var/lib/phoronix-test-suite/installed-tests/pts/toybrot-1.2.0/toyBrot-master/raymarched/OMP/FracGen-parallel.cpp
cd /var/lib/phoronix-test-suite/installed-tests/pts/toybrot-1.2.0/toyBrot-master/build/raymarched/OMP && /tmp/pts-compiler-mask-toybrot1.2.0/c++  -D"TB_USE_STDFS" -DTOYBROT_ENABLE_GUI -DTOYBROT_ENABLE_PNG -DTOYBROT_OPENMP_DIST -DTOYBROT_USE_DOUBLES -I/var/lib/phoronix-test-suite/installed-tests/pts/toybrot-1.2.0/toyBrot-master/raymarched/OMP -I/var/lib/phoronix-test-suite/installed-tests/pts/toybrot-1.2.0/toyBrot-master/raymarched/common -isystem /usr/include/SDL2  -O3 -DNDEBUG -fPIE   -fopenmp -std=c++17 -o CMakeFiles/rmOpenMP-dist-db.dir/__/common/pngWriter.cpp.o -c /var/lib/phoronix-test-suite/installed-tests/pts/toybrot-1.2.0/toyBrot-master/raymarched/common/pngWriter.cpp
cd /var/lib/phoronix-test-suite/installed-tests/pts/toybrot-1.2.0/toyBrot-master/build/raymarched/OMP && /tmp/pts-compiler-mask-toybrot1.2.0/c++  -D"TB_USE_STDFS" -DTOYBROT_ENABLE_GUI -DTOYBROT_ENABLE_PNG -DTOYBROT_OPENMP_DIST -DTOYBROT_USE_DOUBLES -I/var/lib/phoronix-test-suite/installed-tests/pts/toybrot-1.2.0/toyBrot-master/raymarched/OMP -I/var/lib/phoronix-test-suite/installed-tests/pts/toybrot-1.2.0/toyBrot-master/raymarched/common -isystem /usr/include/SDL2  -O3 -DNDEBUG -fPIE   -fopenmp -std=c++17 -o CMakeFiles/rmOpenMP-dist-db.dir/main.cpp.o -c /var/lib/phoronix-test-suite/installed-tests/pts/toybrot-1.2.0/toyBrot-master/raymarched/OMP/main.cpp
/var/lib/phoronix-test-suite/installed-tests/pts/toybrot-1.2.0/toyBrot-master/raymarched/OMP/FracGen-parallel-omp.cpp: In function FracGen::traceRegion(std::vector<Vec4<float>, std::allocator<Vec4<float> > >&, Camera<float> const&, unsigned int, unsigned int) const [clone ._omp_fn.0] [clone .kernel.0]:
cc1plus: warning: could not emit HSAIL for the function [-Whsa]
/var/lib/phoronix-test-suite/installed-tests/pts/toybrot-1.2.0/toyBrot-master/raymarched/OMP/FracGen-parallel-omp.cpp:292:42: note: HSA supports only calls of functions marked with pragma omp declare target
  292 |         ptr[i] = FracGen::getColour(trace(cam, i%cam.ScreenWidth(), i/cam.ScreenWidth()));
      |                                     ~~~~~^~~~~~~~~~~~~~~~~~~~~~~~~~~~~~~~~~~~~~~~~~~~~~~
cd /var/lib/phoronix-test-suite/installed-tests/pts/toybrot-1.2.0/toyBrot-master/build && /usr/bin/cmake -E cmake_depends "Unix Makefiles" /var/lib/phoronix-test-suite/installed-tests/pts/toybrot-1.2.0/toyBrot-master /var/lib/phoronix-test-suite/installed-tests/pts/toybrot-1.2.0/toyBrot-master/raymarched/OMP /var/lib/phoronix-test-suite/installed-tests/pts/toybrot-1.2.0/toyBrot-master/build /var/lib/phoronix-test-suite/installed-tests/pts/toybrot-1.2.0/toyBrot-master/build/raymarched/OMP /var/lib/phoronix-test-suite/installed-tests/pts/toybrot-1.2.0/toyBrot-master/build/raymarched/OMP/CMakeFiles/rmOpenMP-dist.dir/DependInfo.cmake --color=
Scanning dependencies of target rmOpenMP-dist
make[2]: Leaving directory '/var/lib/phoronix-test-suite/installed-tests/pts/toybrot-1.2.0/toyBrot-master/build'
make -f raymarched/OMP/CMakeFiles/rmOpenMP-dist.dir/build.make raymarched/OMP/CMakeFiles/rmOpenMP-dist.dir/build
make[2]: Entering directory '/var/lib/phoronix-test-suite/installed-tests/pts/toybrot-1.2.0/toyBrot-master/build'
[ 80%] Building CXX object raymarched/OMP/CMakeFiles/rmOpenMP-dist.dir/__/common/FracGenWindow.cpp.o
[ 80%] Building CXX object raymarched/OMP/CMakeFiles/rmOpenMP-dist.dir/__/common/pngWriter.cpp.o
[ 82%] Building CXX object raymarched/OMP/CMakeFiles/rmOpenMP-dist.dir/FracGen-parallel.cpp.o
[ 82%] Building CXX object raymarched/OMP/CMakeFiles/rmOpenMP-dist.dir/main.cpp.o
cd /var/lib/phoronix-test-suite/installed-tests/pts/toybrot-1.2.0/toyBrot-master/build/raymarched/OMP && /tmp/pts-compiler-mask-toybrot1.2.0/c++  -D"TB_USE_STDFS" -DTOYBROT_ENABLE_GUI -DTOYBROT_ENABLE_PNG -DTOYBROT_OPENMP_DIST -I/var/lib/phoronix-test-suite/installed-tests/pts/toybrot-1.2.0/toyBrot-master/raymarched/OMP -I/var/lib/phoronix-test-suite/installed-tests/pts/toybrot-1.2.0/toyBrot-master/raymarched/common -isystem /usr/include/SDL2  -O3 -DNDEBUG -fPIE   -fopenmp -std=c++17 -o CMakeFiles/rmOpenMP-dist.dir/__/common/FracGenWindow.cpp.o -c /var/lib/phoronix-test-suite/installed-tests/pts/toybrot-1.2.0/toyBrot-master/raymarched/common/FracGenWindow.cpp
cd /var/lib/phoronix-test-suite/installed-tests/pts/toybrot-1.2.0/toyBrot-master/build/raymarched/OMP && /tmp/pts-compiler-mask-toybrot1.2.0/c++  -D"TB_USE_STDFS" -DTOYBROT_ENABLE_GUI -DTOYBROT_ENABLE_PNG -DTOYBROT_OPENMP_DIST -I/var/lib/phoronix-test-suite/installed-tests/pts/toybrot-1.2.0/toyBrot-master/raymarched/OMP -I/var/lib/phoronix-test-suite/installed-tests/pts/toybrot-1.2.0/toyBrot-master/raymarched/common -isystem /usr/include/SDL2  -O3 -DNDEBUG -fPIE   -fopenmp -std=c++17 -o CMakeFiles/rmOpenMP-dist.dir/FracGen-parallel.cpp.o -c /var/lib/phoronix-test-suite/installed-tests/pts/toybrot-1.2.0/toyBrot-master/raymarched/OMP/FracGen-parallel.cpp
cd /var/lib/phoronix-test-suite/installed-tests/pts/toybrot-1.2.0/toyBrot-master/build/raymarched/OMP && /tmp/pts-compiler-mask-toybrot1.2.0/c++  -D"TB_USE_STDFS" -DTOYBROT_ENABLE_GUI -DTOYBROT_ENABLE_PNG -DTOYBROT_OPENMP_DIST -I/var/lib/phoronix-test-suite/installed-tests/pts/toybrot-1.2.0/toyBrot-master/raymarched/OMP -I/var/lib/phoronix-test-suite/installed-tests/pts/toybrot-1.2.0/toyBrot-master/raymarched/common -isystem /usr/include/SDL2  -O3 -DNDEBUG -fPIE   -fopenmp -std=c++17 -o CMakeFiles/rmOpenMP-dist.dir/main.cpp.o -c /var/lib/phoronix-test-suite/installed-tests/pts/toybrot-1.2.0/toyBrot-master/raymarched/OMP/main.cpp
cd /var/lib/phoronix-test-suite/installed-tests/pts/toybrot-1.2.0/toyBrot-master/build/raymarched/OMP && /tmp/pts-compiler-mask-toybrot1.2.0/c++  -D"TB_USE_STDFS" -DTOYBROT_ENABLE_GUI -DTOYBROT_ENABLE_PNG -DTOYBROT_OPENMP_DIST -I/var/lib/phoronix-test-suite/installed-tests/pts/toybrot-1.2.0/toyBrot-master/raymarched/OMP -I/var/lib/phoronix-test-suite/installed-tests/pts/toybrot-1.2.0/toyBrot-master/raymarched/common -isystem /usr/include/SDL2  -O3 -DNDEBUG -fPIE   -fopenmp -std=c++17 -o CMakeFiles/rmOpenMP-dist.dir/__/common/pngWriter.cpp.o -c /var/lib/phoronix-test-suite/installed-tests/pts/toybrot-1.2.0/toyBrot-master/raymarched/common/pngWriter.cpp
/var/lib/phoronix-test-suite/installed-tests/pts/toybrot-1.2.0/toyBrot-master/raymarched/Vulkan/FracGen.cpp: In constructor FracGen::FracGen(bool, CameraPtr, ParamPtr, shaderSource, int):
/var/lib/phoronix-test-suite/installed-tests/pts/toybrot-1.2.0/toyBrot-master/raymarched/Vulkan/FracGen.cpp:926:32: error: VK_KHR_SHADER_NON_SEMANTIC_INFO_EXTENSION_NAME was not declared in this scope; did you mean VK_KHR_SHADER_FLOAT16_INT8_EXTENSION_NAME?
  926 |                     if (strcmp(VK_KHR_SHADER_NON_SEMANTIC_INFO_EXTENSION_NAME, ext.extensionName) == 0)
      |                                ^~~~~~~~~~~~~~~~~~~~~~~~~~~~~~~~~~~~~~~~~~~~~~
      |                                VK_KHR_SHADER_FLOAT16_INT8_EXTENSION_NAME
/var/lib/phoronix-test-suite/installed-tests/pts/toybrot-1.2.0/toyBrot-master/raymarched/Vulkan/FracGen.cpp:937:28: error: VK_KHR_SHADER_NON_SEMANTIC_INFO_EXTENSION_NAME was not declared in this scope; did you mean VK_KHR_SHADER_FLOAT16_INT8_EXTENSION_NAME?
  937 |                 err.append(VK_KHR_SHADER_NON_SEMANTIC_INFO_EXTENSION_NAME);
      |                            ^~~~~~~~~~~~~~~~~~~~~~~~~~~~~~~~~~~~~~~~~~~~~~
      |                            VK_KHR_SHADER_FLOAT16_INT8_EXTENSION_NAME
/var/lib/phoronix-test-suite/installed-tests/pts/toybrot-1.2.0/toyBrot-master/raymarched/Vulkan/FracGen.cpp:944:44: error: VK_KHR_SHADER_NON_SEMANTIC_INFO_EXTENSION_NAME was not declared in this scope; did you mean VK_KHR_SHADER_FLOAT16_INT8_EXTENSION_NAME?
  944 |                 deviceExtensions.push_back(VK_KHR_SHADER_NON_SEMANTIC_INFO_EXTENSION_NAME);
      |                                            ^~~~~~~~~~~~~~~~~~~~~~~~~~~~~~~~~~~~~~~~~~~~~~
      |                                            VK_KHR_SHADER_FLOAT16_INT8_EXTENSION_NAME
/var/lib/phoronix-test-suite/installed-tests/pts/toybrot-1.2.0/toyBrot-master/raymarched/Vulkan/FracGen.cpp: In function uint32_t* readFile(uint32_t&, const char*):
/var/lib/phoronix-test-suite/installed-tests/pts/toybrot-1.2.0/toyBrot-master/raymarched/Vulkan/FracGen.cpp:103:14: warning: ignoring return value of size_t fread(void*, size_t, size_t, FILE*), declared with attribute warn_unused_result [-Wunused-result]
  103 |         fread(str, filesize, sizeof(char), fp);
      |         ~~~~~^~~~~~~~~~~~~~~~~~~~~~~~~~~~~~~~~
make[2]: *** [raymarched/Vulkan/CMakeFiles/rmVulkan.dir/build.make:89: raymarched/Vulkan/CMakeFiles/rmVulkan.dir/FracGen.cpp.o] Error 1
make[2]: *** Waiting for unfinished jobs....
/var/lib/phoronix-test-suite/installed-tests/pts/toybrot-1.2.0/toyBrot-master/raymarched/Vulkan/FracGen.cpp: In constructor FracGen::FracGen(bool, CameraPtr, ParamPtr, shaderSource, int):
/var/lib/phoronix-test-suite/installed-tests/pts/toybrot-1.2.0/toyBrot-master/raymarched/Vulkan/FracGen.cpp:926:32: error: VK_KHR_SHADER_NON_SEMANTIC_INFO_EXTENSION_NAME was not declared in this scope; did you mean VK_KHR_SHADER_FLOAT16_INT8_EXTENSION_NAME?
  926 |                     if (strcmp(VK_KHR_SHADER_NON_SEMANTIC_INFO_EXTENSION_NAME, ext.extensionName) == 0)
      |                                ^~~~~~~~~~~~~~~~~~~~~~~~~~~~~~~~~~~~~~~~~~~~~~
      |                                VK_KHR_SHADER_FLOAT16_INT8_EXTENSION_NAME
/var/lib/phoronix-test-suite/installed-tests/pts/toybrot-1.2.0/toyBrot-master/raymarched/Vulkan/FracGen.cpp:937:28: error: VK_KHR_SHADER_NON_SEMANTIC_INFO_EXTENSION_NAME was not declared in this scope; did you mean VK_KHR_SHADER_FLOAT16_INT8_EXTENSION_NAME?
  937 |                 err.append(VK_KHR_SHADER_NON_SEMANTIC_INFO_EXTENSION_NAME);
      |                            ^~~~~~~~~~~~~~~~~~~~~~~~~~~~~~~~~~~~~~~~~~~~~~
      |                            VK_KHR_SHADER_FLOAT16_INT8_EXTENSION_NAME
/var/lib/phoronix-test-suite/installed-tests/pts/toybrot-1.2.0/toyBrot-master/raymarched/Vulkan/FracGen.cpp:944:44: error: VK_KHR_SHADER_NON_SEMANTIC_INFO_EXTENSION_NAME was not declared in this scope; did you mean VK_KHR_SHADER_FLOAT16_INT8_EXTENSION_NAME?
  944 |                 deviceExtensions.push_back(VK_KHR_SHADER_NON_SEMANTIC_INFO_EXTENSION_NAME);
      |                                            ^~~~~~~~~~~~~~~~~~~~~~~~~~~~~~~~~~~~~~~~~~~~~~
      |                                            VK_KHR_SHADER_FLOAT16_INT8_EXTENSION_NAME
/var/lib/phoronix-test-suite/installed-tests/pts/toybrot-1.2.0/toyBrot-master/raymarched/Vulkan/FracGen.cpp: In function uint32_t* readFile(uint32_t&, const char*):
/var/lib/phoronix-test-suite/installed-tests/pts/toybrot-1.2.0/toyBrot-master/raymarched/Vulkan/FracGen.cpp:103:14: warning: ignoring return value of size_t fread(void*, size_t, size_t, FILE*), declared with attribute warn_unused_result [-Wunused-result]
  103 |         fread(str, filesize, sizeof(char), fp);
      |         ~~~~~^~~~~~~~~~~~~~~~~~~~~~~~~~~~~~~~~
make[2]: *** [raymarched/Vulkan/CMakeFiles/rmVulkan-db.dir/build.make:89: raymarched/Vulkan/CMakeFiles/rmVulkan-db.dir/FracGen.cpp.o] Error 1
make[2]: *** Waiting for unfinished jobs....
[ 83%] Linking CXX executable rmOpenGL-frag
cd /var/lib/phoronix-test-suite/installed-tests/pts/toybrot-1.2.0/toyBrot-master/build/raymarched/OpenGL-frag && /usr/bin/cmake -E cmake_link_script CMakeFiles/rmOpenGL-frag.dir/link.txt --verbose=1
/tmp/pts-compiler-mask-toybrot1.2.0/c++  -O3 -DNDEBUG   CMakeFiles/rmOpenGL-frag.dir/main.cpp.o CMakeFiles/rmOpenGL-frag.dir/FracGen.cpp.o CMakeFiles/rmOpenGL-frag.dir/__/common/FracGenWindow.cpp.o CMakeFiles/rmOpenGL-frag.dir/__/common/pngWriter.cpp.o  -o rmOpenGL-frag  /usr/lib/x86_64-linux-gnu/libSDL2.so /usr/lib/x86_64-linux-gnu/libpng.so -lpthread /usr/lib/x86_64-linux-gnu/libOpenGL.so /usr/lib/x86_64-linux-gnu/libEGL.so -lpthread /usr/lib/x86_64-linux-gnu/libz.so /usr/lib/x86_64-linux-gnu/libOpenGL.so 
make[2]: Leaving directory '/var/lib/phoronix-test-suite/installed-tests/pts/toybrot-1.2.0/toyBrot-master/build'
make[1]: *** [CMakeFiles/Makefile2:981: raymarched/Vulkan/CMakeFiles/rmVulkan.dir/all] Error 2
make[1]: *** Waiting for unfinished jobs....
cd /var/lib/phoronix-test-suite/installed-tests/pts/toybrot-1.2.0/toyBrot-master/raymarched/OpenGL-frag && /usr/bin/cmake -E copy FracGen.frag /var/lib/phoronix-test-suite/installed-tests/pts/toybrot-1.2.0/toyBrot-master/build/raymarched/OpenGL-frag/FracGen.frag
make[2]: Leaving directory '/var/lib/phoronix-test-suite/installed-tests/pts/toybrot-1.2.0/toyBrot-master/build'
[ 83%] Built target rmOpenGL-frag
make[2]: Leaving directory '/var/lib/phoronix-test-suite/installed-tests/pts/toybrot-1.2.0/toyBrot-master/build'
make[1]: *** [CMakeFiles/Makefile2:954: raymarched/Vulkan/CMakeFiles/rmVulkan-db.dir/all] Error 2
[ 84%] Linking CXX executable rmTBB
cd /var/lib/phoronix-test-suite/installed-tests/pts/toybrot-1.2.0/toyBrot-master/build/raymarched/TBB && /usr/bin/cmake -E cmake_link_script CMakeFiles/rmTBB.dir/link.txt --verbose=1
/tmp/pts-compiler-mask-toybrot1.2.0/c++  -O3 -DNDEBUG   CMakeFiles/rmTBB.dir/main.cpp.o CMakeFiles/rmTBB.dir/FracGen.cpp.o CMakeFiles/rmTBB.dir/__/common/FracGenWindow.cpp.o CMakeFiles/rmTBB.dir/__/common/pngWriter.cpp.o  -o rmTBB  /usr/lib/x86_64-linux-gnu/libSDL2.so /usr/lib/x86_64-linux-gnu/libpng.so -lpthread /usr/lib/x86_64-linux-gnu/libtbb.so.2 -lpthread /usr/lib/x86_64-linux-gnu/libz.so 
[ 85%] Linking CXX executable rmSTD_THREADS-mbr-db
cd /var/lib/phoronix-test-suite/installed-tests/pts/toybrot-1.2.0/toyBrot-master/build/raymarched/STDTHREADS-member && /usr/bin/cmake -E cmake_link_script CMakeFiles/rmSTD_THREADS-mbr-db.dir/link.txt --verbose=1
[ 86%] Linking CXX executable rmSTD_THREADS-ptr-db
cd /var/lib/phoronix-test-suite/installed-tests/pts/toybrot-1.2.0/toyBrot-master/build/raymarched/STDTHREADS-ptr && /usr/bin/cmake -E cmake_link_script CMakeFiles/rmSTD_THREADS-ptr-db.dir/link.txt --verbose=1
/tmp/pts-compiler-mask-toybrot1.2.0/c++  -O3 -DNDEBUG   CMakeFiles/rmSTD_THREADS-ptr-db.dir/main.cpp.o CMakeFiles/rmSTD_THREADS-ptr-db.dir/FracGen.cpp.o CMakeFiles/rmSTD_THREADS-ptr-db.dir/__/common/FracGenWindow.cpp.o CMakeFiles/rmSTD_THREADS-ptr-db.dir/__/common/pngWriter.cpp.o  -o rmSTD_THREADS-ptr-db  -lpthread /usr/lib/x86_64-linux-gnu/libSDL2.so /usr/lib/x86_64-linux-gnu/libpng.so -lpthread /usr/lib/x86_64-linux-gnu/libz.so 
/tmp/pts-compiler-mask-toybrot1.2.0/c++  -O3 -DNDEBUG   CMakeFiles/rmSTD_THREADS-mbr-db.dir/main.cpp.o CMakeFiles/rmSTD_THREADS-mbr-db.dir/FracGen.cpp.o CMakeFiles/rmSTD_THREADS-mbr-db.dir/__/common/FracGenWindow.cpp.o CMakeFiles/rmSTD_THREADS-mbr-db.dir/__/common/pngWriter.cpp.o  -o rmSTD_THREADS-mbr-db  -lpthread /usr/lib/x86_64-linux-gnu/libSDL2.so /usr/lib/x86_64-linux-gnu/libpng.so -lpthread /usr/lib/x86_64-linux-gnu/libz.so 
[ 87%] Linking CXX executable rmSTD_THREADS
cd /var/lib/phoronix-test-suite/installed-tests/pts/toybrot-1.2.0/toyBrot-master/build/raymarched/STDTHREADS && /usr/bin/cmake -E cmake_link_script CMakeFiles/rmSTD_THREADS.dir/link.txt --verbose=1
/tmp/pts-compiler-mask-toybrot1.2.0/c++  -O3 -DNDEBUG   CMakeFiles/rmSTD_THREADS.dir/main.cpp.o CMakeFiles/rmSTD_THREADS.dir/FracGen.cpp.o CMakeFiles/rmSTD_THREADS.dir/__/common/FracGenWindow.cpp.o CMakeFiles/rmSTD_THREADS.dir/__/common/pngWriter.cpp.o  -o rmSTD_THREADS  -lpthread /usr/lib/x86_64-linux-gnu/libSDL2.so /usr/lib/x86_64-linux-gnu/libpng.so -lpthread /usr/lib/x86_64-linux-gnu/libz.so 
[ 88%] Linking CXX executable rmSTD_THREADS-ptr
cd /var/lib/phoronix-test-suite/installed-tests/pts/toybrot-1.2.0/toyBrot-master/build/raymarched/STDTHREADS-ptr && /usr/bin/cmake -E cmake_link_script CMakeFiles/rmSTD_THREADS-ptr.dir/link.txt --verbose=1
/tmp/pts-compiler-mask-toybrot1.2.0/c++  -O3 -DNDEBUG   CMakeFiles/rmSTD_THREADS-ptr.dir/main.cpp.o CMakeFiles/rmSTD_THREADS-ptr.dir/FracGen.cpp.o CMakeFiles/rmSTD_THREADS-ptr.dir/__/common/FracGenWindow.cpp.o CMakeFiles/rmSTD_THREADS-ptr.dir/__/common/pngWriter.cpp.o  -o rmSTD_THREADS-ptr  -lpthread /usr/lib/x86_64-linux-gnu/libSDL2.so /usr/lib/x86_64-linux-gnu/libpng.so -lpthread /usr/lib/x86_64-linux-gnu/libz.so 
[ 89%] Linking CXX executable rmSTD_TASKS
cd /var/lib/phoronix-test-suite/installed-tests/pts/toybrot-1.2.0/toyBrot-master/build/raymarched/STDTASKS && /usr/bin/cmake -E cmake_link_script CMakeFiles/rmSTD_TASKS.dir/link.txt --verbose=1
make[2]: Leaving directory '/var/lib/phoronix-test-suite/installed-tests/pts/toybrot-1.2.0/toyBrot-master/build'
/tmp/pts-compiler-mask-toybrot1.2.0/c++  -O3 -DNDEBUG   CMakeFiles/rmSTD_TASKS.dir/main.cpp.o CMakeFiles/rmSTD_TASKS.dir/FracGen.cpp.o CMakeFiles/rmSTD_TASKS.dir/__/common/FracGenWindow.cpp.o CMakeFiles/rmSTD_TASKS.dir/__/common/pngWriter.cpp.o  -o rmSTD_TASKS  -lpthread /usr/lib/x86_64-linux-gnu/libSDL2.so /usr/lib/x86_64-linux-gnu/libpng.so -lpthread /usr/lib/x86_64-linux-gnu/libz.so 
[ 89%] Built target rmTBB
[ 90%] Linking CXX executable rmOpenGL-db
cd /var/lib/phoronix-test-suite/installed-tests/pts/toybrot-1.2.0/toyBrot-master/build/raymarched/OpenGL && /usr/bin/cmake -E cmake_link_script CMakeFiles/rmOpenGL-db.dir/link.txt --verbose=1
[ 92%] Linking CXX executable rmSTD_TASKS-db
[ 92%] Linking CXX executable rmSTD_THREADS-mbr
cd /var/lib/phoronix-test-suite/installed-tests/pts/toybrot-1.2.0/toyBrot-master/build/raymarched/STDTASKS && /usr/bin/cmake -E cmake_link_script CMakeFiles/rmSTD_TASKS-db.dir/link.txt --verbose=1
cd /var/lib/phoronix-test-suite/installed-tests/pts/toybrot-1.2.0/toyBrot-master/build/raymarched/STDTHREADS-member && /usr/bin/cmake -E cmake_link_script CMakeFiles/rmSTD_THREADS-mbr.dir/link.txt --verbose=1
/tmp/pts-compiler-mask-toybrot1.2.0/c++  -O3 -DNDEBUG   CMakeFiles/rmSTD_TASKS-db.dir/main.cpp.o CMakeFiles/rmSTD_TASKS-db.dir/FracGen.cpp.o CMakeFiles/rmSTD_TASKS-db.dir/__/common/FracGenWindow.cpp.o CMakeFiles/rmSTD_TASKS-db.dir/__/common/pngWriter.cpp.o  -o rmSTD_TASKS-db  -lpthread /usr/lib/x86_64-linux-gnu/libSDL2.so /usr/lib/x86_64-linux-gnu/libpng.so -lpthread /usr/lib/x86_64-linux-gnu/libz.so 
/tmp/pts-compiler-mask-toybrot1.2.0/c++  -O3 -DNDEBUG   CMakeFiles/rmSTD_THREADS-mbr.dir/main.cpp.o CMakeFiles/rmSTD_THREADS-mbr.dir/FracGen.cpp.o CMakeFiles/rmSTD_THREADS-mbr.dir/__/common/FracGenWindow.cpp.o CMakeFiles/rmSTD_THREADS-mbr.dir/__/common/pngWriter.cpp.o  -o rmSTD_THREADS-mbr  -lpthread /usr/lib/x86_64-linux-gnu/libSDL2.so /usr/lib/x86_64-linux-gnu/libpng.so -lpthread /usr/lib/x86_64-linux-gnu/libz.so 
/tmp/pts-compiler-mask-toybrot1.2.0/c++  -O3 -DNDEBUG   CMakeFiles/rmOpenGL-db.dir/main.cpp.o CMakeFiles/rmOpenGL-db.dir/FracGen.cpp.o CMakeFiles/rmOpenGL-db.dir/__/common/FracGenWindow.cpp.o CMakeFiles/rmOpenGL-db.dir/__/common/pngWriter.cpp.o  -o rmOpenGL-db  /usr/lib/x86_64-linux-gnu/libSDL2.so /usr/lib/x86_64-linux-gnu/libpng.so -lpthread /usr/lib/x86_64-linux-gnu/libOpenGL.so /usr/lib/x86_64-linux-gnu/libEGL.so -lpthread /usr/lib/x86_64-linux-gnu/libz.so /usr/lib/x86_64-linux-gnu/libOpenGL.so 
make[2]: Leaving directory '/var/lib/phoronix-test-suite/installed-tests/pts/toybrot-1.2.0/toyBrot-master/build'
[ 93%] Linking CXX executable rmOpenMP
make[2]: Leaving directory '/var/lib/phoronix-test-suite/installed-tests/pts/toybrot-1.2.0/toyBrot-master/build'
cd /var/lib/phoronix-test-suite/installed-tests/pts/toybrot-1.2.0/toyBrot-master/build/raymarched/OMP && /usr/bin/cmake -E cmake_link_script CMakeFiles/rmOpenMP.dir/link.txt --verbose=1
[ 93%] Linking CXX executable rmOpenGL
cd /var/lib/phoronix-test-suite/installed-tests/pts/toybrot-1.2.0/toyBrot-master/build/raymarched/OpenGL && /usr/bin/cmake -E cmake_link_script CMakeFiles/rmOpenGL.dir/link.txt --verbose=1
[ 93%] Built target rmSTD_THREADS-ptr-db
/tmp/pts-compiler-mask-toybrot1.2.0/c++  -O3 -DNDEBUG   CMakeFiles/rmOpenMP.dir/main.cpp.o CMakeFiles/rmOpenMP.dir/FracGen.cpp.o CMakeFiles/rmOpenMP.dir/__/common/FracGenWindow.cpp.o CMakeFiles/rmOpenMP.dir/__/common/pngWriter.cpp.o  -o rmOpenMP  -lpthread /usr/lib/x86_64-linux-gnu/libSDL2.so /usr/lib/x86_64-linux-gnu/libpng.so -lpthread /usr/lib/x86_64-linux-gnu/libz.so /usr/lib/gcc/x86_64-linux-gnu/9/libgomp.so /usr/lib/x86_64-linux-gnu/libpthread.so 
[ 93%] Built target rmSTD_THREADS-mbr-db
/tmp/pts-compiler-mask-toybrot1.2.0/c++  -O3 -DNDEBUG   CMakeFiles/rmOpenGL.dir/main.cpp.o CMakeFiles/rmOpenGL.dir/FracGen.cpp.o CMakeFiles/rmOpenGL.dir/__/common/FracGenWindow.cpp.o CMakeFiles/rmOpenGL.dir/__/common/pngWriter.cpp.o  -o rmOpenGL  /usr/lib/x86_64-linux-gnu/libSDL2.so /usr/lib/x86_64-linux-gnu/libpng.so -lpthread /usr/lib/x86_64-linux-gnu/libOpenGL.so /usr/lib/x86_64-linux-gnu/libEGL.so -lpthread /usr/lib/x86_64-linux-gnu/libz.so /usr/lib/x86_64-linux-gnu/libOpenGL.so 
make[2]: Leaving directory '/var/lib/phoronix-test-suite/installed-tests/pts/toybrot-1.2.0/toyBrot-master/build'
[ 93%] Built target rmSTD_THREADS
make[2]: Leaving directory '/var/lib/phoronix-test-suite/installed-tests/pts/toybrot-1.2.0/toyBrot-master/build'
[ 93%] Built target rmSTD_THREADS-ptr
[ 94%] Linking CXX executable rmSTD_THREADS-db
cd /var/lib/phoronix-test-suite/installed-tests/pts/toybrot-1.2.0/toyBrot-master/build/raymarched/STDTHREADS && /usr/bin/cmake -E cmake_link_script CMakeFiles/rmSTD_THREADS-db.dir/link.txt --verbose=1
[ 95%] Linking CXX executable rmOpenMP-db
cd /var/lib/phoronix-test-suite/installed-tests/pts/toybrot-1.2.0/toyBrot-master/build/raymarched/OMP && /usr/bin/cmake -E cmake_link_script CMakeFiles/rmOpenMP-db.dir/link.txt --verbose=1
make[2]: Leaving directory '/var/lib/phoronix-test-suite/installed-tests/pts/toybrot-1.2.0/toyBrot-master/build'
/tmp/pts-compiler-mask-toybrot1.2.0/c++  -O3 -DNDEBUG   CMakeFiles/rmSTD_THREADS-db.dir/main.cpp.o CMakeFiles/rmSTD_THREADS-db.dir/FracGen.cpp.o CMakeFiles/rmSTD_THREADS-db.dir/__/common/FracGenWindow.cpp.o CMakeFiles/rmSTD_THREADS-db.dir/__/common/pngWriter.cpp.o  -o rmSTD_THREADS-db  -lpthread /usr/lib/x86_64-linux-gnu/libSDL2.so /usr/lib/x86_64-linux-gnu/libpng.so -lpthread /usr/lib/x86_64-linux-gnu/libz.so 
[ 95%] Linking CXX executable rmTBB-db
cd /var/lib/phoronix-test-suite/installed-tests/pts/toybrot-1.2.0/toyBrot-master/build/raymarched/TBB && /usr/bin/cmake -E cmake_link_script CMakeFiles/rmTBB-db.dir/link.txt --verbose=1
/tmp/pts-compiler-mask-toybrot1.2.0/c++  -O3 -DNDEBUG   CMakeFiles/rmOpenMP-db.dir/main.cpp.o CMakeFiles/rmOpenMP-db.dir/FracGen.cpp.o CMakeFiles/rmOpenMP-db.dir/__/common/FracGenWindow.cpp.o CMakeFiles/rmOpenMP-db.dir/__/common/pngWriter.cpp.o  -o rmOpenMP-db  -lpthread /usr/lib/x86_64-linux-gnu/libSDL2.so /usr/lib/x86_64-linux-gnu/libpng.so -lpthread /usr/lib/x86_64-linux-gnu/libz.so /usr/lib/gcc/x86_64-linux-gnu/9/libgomp.so /usr/lib/x86_64-linux-gnu/libpthread.so 
make[2]: Leaving directory '/var/lib/phoronix-test-suite/installed-tests/pts/toybrot-1.2.0/toyBrot-master/build'
[ 95%] Built target rmSTD_TASKS-db
make[2]: Leaving directory '/var/lib/phoronix-test-suite/installed-tests/pts/toybrot-1.2.0/toyBrot-master/build'
make[2]: Leaving directory '/var/lib/phoronix-test-suite/installed-tests/pts/toybrot-1.2.0/toyBrot-master/build'
/tmp/pts-compiler-mask-toybrot1.2.0/c++  -O3 -DNDEBUG   CMakeFiles/rmTBB-db.dir/main.cpp.o CMakeFiles/rmTBB-db.dir/FracGen.cpp.o CMakeFiles/rmTBB-db.dir/__/common/FracGenWindow.cpp.o CMakeFiles/rmTBB-db.dir/__/common/pngWriter.cpp.o  -o rmTBB-db  /usr/lib/x86_64-linux-gnu/libSDL2.so /usr/lib/x86_64-linux-gnu/libpng.so -lpthread /usr/lib/x86_64-linux-gnu/libtbb.so.2 -lpthread /usr/lib/x86_64-linux-gnu/libz.so 
[ 95%] Linking CXX executable rmOpenGL-frag-db
cd /var/lib/phoronix-test-suite/installed-tests/pts/toybrot-1.2.0/toyBrot-master/build/raymarched/OpenGL-frag && /usr/bin/cmake -E cmake_link_script CMakeFiles/rmOpenGL-frag-db.dir/link.txt --verbose=1
[ 95%] Built target rmSTD_THREADS-mbr
[ 95%] Built target rmSTD_TASKS
[ 95%] Built target rmOpenGL-db
cd /var/lib/phoronix-test-suite/installed-tests/pts/toybrot-1.2.0/toyBrot-master/raymarched/OpenGL && /usr/bin/cmake -E copy FracGen.comp.glsl /var/lib/phoronix-test-suite/installed-tests/pts/toybrot-1.2.0/toyBrot-master/build/raymarched/OpenGL/FracGen.comp.glsl
make[2]: Leaving directory '/var/lib/phoronix-test-suite/installed-tests/pts/toybrot-1.2.0/toyBrot-master/build'
/tmp/pts-compiler-mask-toybrot1.2.0/c++  -O3 -DNDEBUG   CMakeFiles/rmOpenGL-frag-db.dir/main.cpp.o CMakeFiles/rmOpenGL-frag-db.dir/FracGen.cpp.o CMakeFiles/rmOpenGL-frag-db.dir/__/common/FracGenWindow.cpp.o CMakeFiles/rmOpenGL-frag-db.dir/__/common/pngWriter.cpp.o  -o rmOpenGL-frag-db  /usr/lib/x86_64-linux-gnu/libSDL2.so /usr/lib/x86_64-linux-gnu/libpng.so -lpthread /usr/lib/x86_64-linux-gnu/libOpenGL.so /usr/lib/x86_64-linux-gnu/libEGL.so -lpthread /usr/lib/x86_64-linux-gnu/libz.so /usr/lib/x86_64-linux-gnu/libOpenGL.so 
[ 95%] Built target rmOpenMP
make[2]: Leaving directory '/var/lib/phoronix-test-suite/installed-tests/pts/toybrot-1.2.0/toyBrot-master/build'
[ 95%] Built target rmOpenGL
make[2]: Leaving directory '/var/lib/phoronix-test-suite/installed-tests/pts/toybrot-1.2.0/toyBrot-master/build'
[ 95%] Built target rmSTD_THREADS-db
make[2]: Leaving directory '/var/lib/phoronix-test-suite/installed-tests/pts/toybrot-1.2.0/toyBrot-master/build'
make[2]: Leaving directory '/var/lib/phoronix-test-suite/installed-tests/pts/toybrot-1.2.0/toyBrot-master/build'
[ 95%] Built target rmOpenMP-db
[ 95%] Built target rmTBB-db
make[2]: Leaving directory '/var/lib/phoronix-test-suite/installed-tests/pts/toybrot-1.2.0/toyBrot-master/build'
[ 95%] Built target rmOpenGL-frag-db
[ 96%] Linking CXX executable rmOpenCL-db
cd /var/lib/phoronix-test-suite/installed-tests/pts/toybrot-1.2.0/toyBrot-master/build/raymarched/OpenCL && /usr/bin/cmake -E cmake_link_script CMakeFiles/rmOpenCL-db.dir/link.txt --verbose=1
/tmp/pts-compiler-mask-toybrot1.2.0/c++  -O3 -DNDEBUG   CMakeFiles/rmOpenCL-db.dir/main.cpp.o CMakeFiles/rmOpenCL-db.dir/FracGen.cpp.o CMakeFiles/rmOpenCL-db.dir/__/common/FracGenWindow.cpp.o CMakeFiles/rmOpenCL-db.dir/__/common/pngWriter.cpp.o  -o rmOpenCL-db  /usr/lib/x86_64-linux-gnu/libSDL2.so /usr/lib/x86_64-linux-gnu/libpng.so -lpthread /usr/lib/x86_64-linux-gnu/libOpenCL.so -lpthread /usr/lib/x86_64-linux-gnu/libz.so 
[ 97%] Linking CXX executable rmOpenCL
cd /var/lib/phoronix-test-suite/installed-tests/pts/toybrot-1.2.0/toyBrot-master/build/raymarched/OpenCL && /usr/bin/cmake -E cmake_link_script CMakeFiles/rmOpenCL.dir/link.txt --verbose=1
/tmp/pts-compiler-mask-toybrot1.2.0/c++  -O3 -DNDEBUG   CMakeFiles/rmOpenCL.dir/main.cpp.o CMakeFiles/rmOpenCL.dir/FracGen.cpp.o CMakeFiles/rmOpenCL.dir/__/common/FracGenWindow.cpp.o CMakeFiles/rmOpenCL.dir/__/common/pngWriter.cpp.o  -o rmOpenCL  /usr/lib/x86_64-linux-gnu/libSDL2.so /usr/lib/x86_64-linux-gnu/libpng.so -lpthread /usr/lib/x86_64-linux-gnu/libOpenCL.so -lpthread /usr/lib/x86_64-linux-gnu/libz.so 
make[2]: Leaving directory '/var/lib/phoronix-test-suite/installed-tests/pts/toybrot-1.2.0/toyBrot-master/build'
[ 97%] Built target rmOpenCL-db
cd /var/lib/phoronix-test-suite/installed-tests/pts/toybrot-1.2.0/toyBrot-master/raymarched/OpenCL && /usr/bin/cmake -E copy FracGen.cl /var/lib/phoronix-test-suite/installed-tests/pts/toybrot-1.2.0/toyBrot-master/build/raymarched/OpenCL/FracGen.cl
make[2]: Leaving directory '/var/lib/phoronix-test-suite/installed-tests/pts/toybrot-1.2.0/toyBrot-master/build'
[ 97%] Built target rmOpenCL
[ 98%] Linking CXX executable rmOpenMP-dist-db
cd /var/lib/phoronix-test-suite/installed-tests/pts/toybrot-1.2.0/toyBrot-master/build/raymarched/OMP && /usr/bin/cmake -E cmake_link_script CMakeFiles/rmOpenMP-dist-db.dir/link.txt --verbose=1
/tmp/pts-compiler-mask-toybrot1.2.0/c++  -O3 -DNDEBUG   CMakeFiles/rmOpenMP-dist-db.dir/main.cpp.o CMakeFiles/rmOpenMP-dist-db.dir/FracGen-parallel.cpp.o CMakeFiles/rmOpenMP-dist-db.dir/__/common/FracGenWindow.cpp.o CMakeFiles/rmOpenMP-dist-db.dir/__/common/pngWriter.cpp.o FracGen-parallel-omp-db.cpp.o  -o rmOpenMP-dist-db  -lpthread -lm -lgcc -lgcc_s -lc /usr/lib/x86_64-linux-gnu/libSDL2.so /usr/lib/x86_64-linux-gnu/libpng.so -lpthread /usr/lib/x86_64-linux-gnu/libz.so /usr/lib/gcc/x86_64-linux-gnu/9/libgomp.so /usr/lib/x86_64-linux-gnu/libpthread.so 
lto-wrapper: fatal error: could not find accel/nvptx-none/mkoffload in /usr/lib/gcc/x86_64-linux-gnu/9/:/usr/lib/gcc/x86_64-linux-gnu/9/:/usr/lib/gcc/x86_64-linux-gnu/:/usr/lib/gcc/x86_64-linux-gnu/9/:/usr/lib/gcc/x86_64-linux-gnu/ (consider using -B)

compilation terminated.
/usr/bin/ld: error: lto-wrapper failed
collect2: error: ld returned 1 exit status
make[2]: *** [raymarched/OMP/CMakeFiles/rmOpenMP-dist-db.dir/build.make:143: raymarched/OMP/rmOpenMP-dist-db] Error 1
make[2]: Leaving directory '/var/lib/phoronix-test-suite/installed-tests/pts/toybrot-1.2.0/toyBrot-master/build'
make[1]: *** [CMakeFiles/Makefile2:549: raymarched/OMP/CMakeFiles/rmOpenMP-dist-db.dir/all] Error 2
[ 99%] Linking CXX executable rmOpenMP-dist
cd /var/lib/phoronix-test-suite/installed-tests/pts/toybrot-1.2.0/toyBrot-master/build/raymarched/OMP && /usr/bin/cmake -E cmake_link_script CMakeFiles/rmOpenMP-dist.dir/link.txt --verbose=1
/tmp/pts-compiler-mask-toybrot1.2.0/c++  -O3 -DNDEBUG   CMakeFiles/rmOpenMP-dist.dir/main.cpp.o CMakeFiles/rmOpenMP-dist.dir/FracGen-parallel.cpp.o CMakeFiles/rmOpenMP-dist.dir/__/common/FracGenWindow.cpp.o CMakeFiles/rmOpenMP-dist.dir/__/common/pngWriter.cpp.o FracGen-parallel-omp.cpp.o  -o rmOpenMP-dist  -lpthread -lm -lgcc -lgcc_s -lc /usr/lib/x86_64-linux-gnu/libSDL2.so /usr/lib/x86_64-linux-gnu/libpng.so -lpthread /usr/lib/x86_64-linux-gnu/libz.so /usr/lib/gcc/x86_64-linux-gnu/9/libgomp.so /usr/lib/x86_64-linux-gnu/libpthread.so 
lto-wrapper: fatal error: could not find accel/nvptx-none/mkoffload in /usr/lib/gcc/x86_64-linux-gnu/9/:/usr/lib/gcc/x86_64-linux-gnu/9/:/usr/lib/gcc/x86_64-linux-gnu/:/usr/lib/gcc/x86_64-linux-gnu/9/:/usr/lib/gcc/x86_64-linux-gnu/ (consider using -B)

compilation terminated.
/usr/bin/ld: error: lto-wrapper failed
collect2: error: ld returned 1 exit status
make[2]: *** [raymarched/OMP/CMakeFiles/rmOpenMP-dist.dir/build.make:143: raymarched/OMP/rmOpenMP-dist] Error 1
make[2]: Leaving directory '/var/lib/phoronix-test-suite/installed-tests/pts/toybrot-1.2.0/toyBrot-master/build'
make[1]: *** [CMakeFiles/Makefile2:576: raymarched/OMP/CMakeFiles/rmOpenMP-dist.dir/all] Error 2
make[1]: Leaving directory '/var/lib/phoronix-test-suite/installed-tests/pts/toybrot-1.2.0/toyBrot-master/build'
make: *** [Makefile:133: all] Error 2
